<?xml version="1.0" encoding="UTF-8"?>
<testsuite xmlns:xsi="http://www.w3.org/2001/XMLSchema-instance" xsi:noNamespaceSchemaLocation="https://maven.apache.org/surefire/maven-surefire-plugin/xsd/surefire-test-report.xsd" version="3.0.2" name="com.taskhive.taskhive_backend.TaskhiveBackendApplicationTests" time="20.921" tests="1" errors="0" skipped="0" failures="0">
  <properties>
[...]
</properties>
  <testcase name="contextLoads" classname="com.taskhive.taskhive_backend.TaskhiveBackendApplicationTests" time="1.325">
    <system-out><![CDATA[17:56:43.283 [main] INFO org.springframework.test.context.support.AnnotationConfigContextLoaderUtils -- Could not detect default configuration classes for test class [com.taskhive.taskhive_backend.TaskhiveBackendApplicationTests]: TaskhiveBackendApplicationTests does not declare any static, non-private, non-final, nested classes annotated with @Configuration.
17:56:43.678 [main] INFO org.springframework.boot.test.context.SpringBootTestContextBootstrapper -- Found @SpringBootConfiguration com.taskhive.taskhive_backend.TaskhiveBackendApplication for test class com.taskhive.taskhive_backend.TaskhiveBackendApplicationTests

  .   ____          _            __ _ _
 /\\ / ___'_ __ _ _(_)_ __  __ _ \ \ \ \
( ( )\___ | '_ | '_| | '_ \/ _` | \ \ \ \
 \\/  ___)| |_)| | | | | || (_| |  ) ) ) )
  '  |____| .__|_| |_|_| |_\__, | / / / /
 =========|_|==============|___/=/_/_/_/

 :: Spring Boot ::                (v3.4.7)

2025-07-28T17:56:44.890Z  INFO 41266 --- [           main] c.t.t.TaskhiveBackendApplicationTests    : Starting TaskhiveBackendApplicationTests using Java 24.0.1 with PID 41266 (started by amakessie in /Users/amakessie/Desktop/Mobile-App-Dev-53/backend)
2025-07-28T17:56:44.893Z  INFO 41266 --- [           main] c.t.t.TaskhiveBackendApplicationTests    : No active profile set, falling back to 1 default profile: "default"
2025-07-28T17:56:45.018Z DEBUG 41266 --- [           main] o.s.w.c.s.GenericWebApplicationContext   : Refreshing org.springframework.web.context.support.GenericWebApplicationContext@70e659aa
2025-07-28T17:56:47.613Z  INFO 41266 --- [           main] .s.d.r.c.RepositoryConfigurationDelegate : Bootstrapping Spring Data JPA repositories in DEFAULT mode.
2025-07-28T17:56:47.932Z  INFO 41266 --- [           main] .s.d.r.c.RepositoryConfigurationDelegate : Finished Spring Data repository scanning in 252 ms. Found 8 JPA repository interfaces.
2025-07-28T17:56:49.311Z  INFO 41266 --- [           main] o.hibernate.jpa.internal.util.LogHelper  : HHH000204: Processing PersistenceUnitInfo [name: default]
2025-07-28T17:56:49.473Z  INFO 41266 --- [           main] org.hibernate.Version                    : HHH000412: Hibernate ORM core version 6.6.18.Final
2025-07-28T17:56:49.567Z  INFO 41266 --- [           main] o.h.c.internal.RegionFactoryInitiator    : HHH000026: Second-level cache disabled
2025-07-28T17:56:51.132Z  INFO 41266 --- [           main] o.s.o.j.p.SpringPersistenceUnitInfo      : No LoadTimeWeaver setup: ignoring JPA class transformer
2025-07-28T17:56:51.237Z  INFO 41266 --- [           main] com.zaxxer.hikari.HikariDataSource       : HikariPool-1 - Starting...
2025-07-28T17:56:52.157Z  INFO 41266 --- [           main] com.zaxxer.hikari.pool.HikariPool        : HikariPool-1 - Added connection org.postgresql.jdbc.PgConnection@3fd5d679
2025-07-28T17:56:52.160Z  INFO 41266 --- [           main] com.zaxxer.hikari.HikariDataSource       : HikariPool-1 - Start completed.
2025-07-28T17:56:52.291Z  WARN 41266 --- [           main] org.hibernate.orm.deprecation            : HHH90000025: PostgreSQLDialect does not need to be specified explicitly using 'hibernate.dialect' (remove the property setting and it will be selected by default)
2025-07-28T17:56:52.334Z  INFO 41266 --- [           main] org.hibernate.orm.connections.pooling    : HHH10001005: Database info:
	Database JDBC URL [Connecting through datasource 'HikariDataSource (HikariPool-1)']
	Database driver: undefined/unknown
	Database version: 17.5
	Autocommit mode: undefined/unknown
	Isolation level: undefined/unknown
	Minimum pool size: undefined/unknown
	Maximum pool size: undefined/unknown
2025-07-28T17:56:54.759Z  INFO 41266 --- [           main] o.h.e.t.j.p.i.JtaPlatformInitiator       : HHH000489: No JTA platform available (set 'hibernate.transaction.jta.platform' to enable JTA platform integration)
2025-07-28T17:56:56.912Z DEBUG 41266 --- [           main] org.hibernate.SQL                        : alter table if exists public.comments add constraint FKfgghtkf2fogfrehxgtn8572ae foreign key (card_id) references public.card
Hibernate: alter table if exists public.comments add constraint FKfgghtkf2fogfrehxgtn8572ae foreign key (card_id) references public.card
2025-07-28T17:56:56.964Z  WARN 41266 --- [           main] o.h.t.s.i.ExceptionHandlerLoggedImpl     : GenerationTarget encountered exception accepting command : Error executing DDL "alter table if exists public.comments add constraint FKfgghtkf2fogfrehxgtn8572ae foreign key (card_id) references public.card" via JDBC [ERROR: insert or update on table "comments" violates foreign key constraint "fkfgghtkf2fogfrehxgtn8572ae"
  Detail: Key (card_id)=(4) is not present in table "card".]

org.hibernate.tool.schema.spi.CommandAcceptanceException: Error executing DDL "alter table if exists public.comments add constraint FKfgghtkf2fogfrehxgtn8572ae foreign key (card_id) references public.card" via JDBC [ERROR: insert or update on table "comments" violates foreign key constraint "fkfgghtkf2fogfrehxgtn8572ae"
  Detail: Key (card_id)=(4) is not present in table "card".]
	at org.hibernate.tool.schema.internal.exec.GenerationTargetToDatabase.accept(GenerationTargetToDatabase.java:94) ~[hibernate-core-6.6.18.Final.jar:6.6.18.Final]
	at org.hibernate.tool.schema.internal.AbstractSchemaMigrator.applySqlString(AbstractSchemaMigrator.java:576) ~[hibernate-core-6.6.18.Final.jar:6.6.18.Final]
	at org.hibernate.tool.schema.internal.AbstractSchemaMigrator.applySqlStrings(AbstractSchemaMigrator.java:516) ~[hibernate-core-6.6.18.Final.jar:6.6.18.Final]
	at org.hibernate.tool.schema.internal.AbstractSchemaMigrator.applyForeignKeys(AbstractSchemaMigrator.java:448) ~[hibernate-core-6.6.18.Final.jar:6.6.18.Final]
	at org.hibernate.tool.schema.internal.AbstractSchemaMigrator.performMigration(AbstractSchemaMigrator.java:269) ~[hibernate-core-6.6.18.Final.jar:6.6.18.Final]
	at org.hibernate.tool.schema.internal.AbstractSchemaMigrator.doMigration(AbstractSchemaMigrator.java:112) ~[hibernate-core-6.6.18.Final.jar:6.6.18.Final]
	at org.hibernate.tool.schema.spi.SchemaManagementToolCoordinator.performDatabaseAction(SchemaManagementToolCoordinator.java:280) ~[hibernate-core-6.6.18.Final.jar:6.6.18.Final]
	at org.hibernate.tool.schema.spi.SchemaManagementToolCoordinator.lambda$process$5(SchemaManagementToolCoordinator.java:144) ~[hibernate-core-6.6.18.Final.jar:6.6.18.Final]
	at java.base/java.util.HashMap.forEach(HashMap.java:1430) ~[na:na]
	at org.hibernate.tool.schema.spi.SchemaManagementToolCoordinator.process(SchemaManagementToolCoordinator.java:141) ~[hibernate-core-6.6.18.Final.jar:6.6.18.Final]
	at org.hibernate.boot.internal.SessionFactoryObserverForSchemaExport.sessionFactoryCreated(SessionFactoryObserverForSchemaExport.java:37) ~[hibernate-core-6.6.18.Final.jar:6.6.18.Final]
	at org.hibernate.internal.SessionFactoryObserverChain.sessionFactoryCreated(SessionFactoryObserverChain.java:35) ~[hibernate-core-6.6.18.Final.jar:6.6.18.Final]
	at org.hibernate.internal.SessionFactoryImpl.<init>(SessionFactoryImpl.java:324) ~[hibernate-core-6.6.18.Final.jar:6.6.18.Final]
	at org.hibernate.boot.internal.SessionFactoryBuilderImpl.build(SessionFactoryBuilderImpl.java:463) ~[hibernate-core-6.6.18.Final.jar:6.6.18.Final]
	at org.hibernate.jpa.boot.internal.EntityManagerFactoryBuilderImpl.build(EntityManagerFactoryBuilderImpl.java:1517) ~[hibernate-core-6.6.18.Final.jar:6.6.18.Final]
	at org.springframework.orm.jpa.vendor.SpringHibernateJpaPersistenceProvider.createContainerEntityManagerFactory(SpringHibernateJpaPersistenceProvider.java:66) ~[spring-orm-6.2.8.jar:6.2.8]
	at org.springframework.orm.jpa.LocalContainerEntityManagerFactoryBean.createNativeEntityManagerFactory(LocalContainerEntityManagerFactoryBean.java:390) ~[spring-orm-6.2.8.jar:6.2.8]
	at org.springframework.orm.jpa.AbstractEntityManagerFactoryBean.buildNativeEntityManagerFactory(AbstractEntityManagerFactoryBean.java:419) ~[spring-orm-6.2.8.jar:6.2.8]
	at org.springframework.orm.jpa.AbstractEntityManagerFactoryBean.afterPropertiesSet(AbstractEntityManagerFactoryBean.java:400) ~[spring-orm-6.2.8.jar:6.2.8]
	at org.springframework.orm.jpa.LocalContainerEntityManagerFactoryBean.afterPropertiesSet(LocalContainerEntityManagerFactoryBean.java:366) ~[spring-orm-6.2.8.jar:6.2.8]
	at org.springframework.beans.factory.support.AbstractAutowireCapableBeanFactory.invokeInitMethods(AbstractAutowireCapableBeanFactory.java:1873) ~[spring-beans-6.2.8.jar:6.2.8]
	at org.springframework.beans.factory.support.AbstractAutowireCapableBeanFactory.initializeBean(AbstractAutowireCapableBeanFactory.java:1822) ~[spring-beans-6.2.8.jar:6.2.8]
	at org.springframework.beans.factory.support.AbstractAutowireCapableBeanFactory.doCreateBean(AbstractAutowireCapableBeanFactory.java:607) ~[spring-beans-6.2.8.jar:6.2.8]
	at org.springframework.beans.factory.support.AbstractAutowireCapableBeanFactory.createBean(AbstractAutowireCapableBeanFactory.java:529) ~[spring-beans-6.2.8.jar:6.2.8]
	at org.springframework.beans.factory.support.AbstractBeanFactory.lambda$doGetBean$0(AbstractBeanFactory.java:339) ~[spring-beans-6.2.8.jar:6.2.8]
	at org.springframework.beans.factory.support.DefaultSingletonBeanRegistry.getSingleton(DefaultSingletonBeanRegistry.java:373) ~[spring-beans-6.2.8.jar:6.2.8]
	at org.springframework.beans.factory.support.AbstractBeanFactory.doGetBean(AbstractBeanFactory.java:337) ~[spring-beans-6.2.8.jar:6.2.8]
	at org.springframework.beans.factory.support.AbstractBeanFactory.getBean(AbstractBeanFactory.java:207) ~[spring-beans-6.2.8.jar:6.2.8]
	at org.springframework.context.support.AbstractApplicationContext.finishBeanFactoryInitialization(AbstractApplicationContext.java:970) ~[spring-context-6.2.8.jar:6.2.8]
	at org.springframework.context.support.AbstractApplicationContext.refresh(AbstractApplicationContext.java:627) ~[spring-context-6.2.8.jar:6.2.8]
	at org.springframework.boot.SpringApplication.refresh(SpringApplication.java:752) ~[spring-boot-3.4.7.jar:3.4.7]
	at org.springframework.boot.SpringApplication.refreshContext(SpringApplication.java:439) ~[spring-boot-3.4.7.jar:3.4.7]
	at org.springframework.boot.SpringApplication.run(SpringApplication.java:318) ~[spring-boot-3.4.7.jar:3.4.7]
	at org.springframework.boot.test.context.SpringBootContextLoader.lambda$loadContext$3(SpringBootContextLoader.java:144) ~[spring-boot-test-3.4.7.jar:3.4.7]
	at org.springframework.util.function.ThrowingSupplier.get(ThrowingSupplier.java:58) ~[spring-core-6.2.8.jar:6.2.8]
	at org.springframework.util.function.ThrowingSupplier.get(ThrowingSupplier.java:46) ~[spring-core-6.2.8.jar:6.2.8]
	at org.springframework.boot.SpringApplication.withHook(SpringApplication.java:1461) ~[spring-boot-3.4.7.jar:3.4.7]
	at org.springframework.boot.test.context.SpringBootContextLoader$ContextLoaderHook.run(SpringBootContextLoader.java:563) ~[spring-boot-test-3.4.7.jar:3.4.7]
	at org.springframework.boot.test.context.SpringBootContextLoader.loadContext(SpringBootContextLoader.java:144) ~[spring-boot-test-3.4.7.jar:3.4.7]
	at org.springframework.boot.test.context.SpringBootContextLoader.loadContext(SpringBootContextLoader.java:110) ~[spring-boot-test-3.4.7.jar:3.4.7]
	at org.springframework.test.context.cache.DefaultCacheAwareContextLoaderDelegate.loadContextInternal(DefaultCacheAwareContextLoaderDelegate.java:225) ~[spring-test-6.2.8.jar:6.2.8]
	at org.springframework.test.context.cache.DefaultCacheAwareContextLoaderDelegate.loadContext(DefaultCacheAwareContextLoaderDelegate.java:152) ~[spring-test-6.2.8.jar:6.2.8]
	at org.springframework.test.context.support.DefaultTestContext.getApplicationContext(DefaultTestContext.java:130) ~[spring-test-6.2.8.jar:6.2.8]
	at org.springframework.test.context.web.ServletTestExecutionListener.setUpRequestContextIfNecessary(ServletTestExecutionListener.java:200) ~[spring-test-6.2.8.jar:6.2.8]
	at org.springframework.test.context.web.ServletTestExecutionListener.prepareTestInstance(ServletTestExecutionListener.java:139) ~[spring-test-6.2.8.jar:6.2.8]
	at org.springframework.test.context.TestContextManager.prepareTestInstance(TestContextManager.java:260) ~[spring-test-6.2.8.jar:6.2.8]
	at org.springframework.test.context.junit.jupiter.SpringExtension.postProcessTestInstance(SpringExtension.java:159) ~[spring-test-6.2.8.jar:6.2.8]
	at org.junit.jupiter.engine.descriptor.ClassBasedTestDescriptor.lambda$invokeTestInstancePostProcessors$11(ClassBasedTestDescriptor.java:378) ~[junit-jupiter-engine-5.11.4.jar:5.11.4]
	at org.junit.jupiter.engine.descriptor.ClassBasedTestDescriptor.executeAndMaskThrowable(ClassBasedTestDescriptor.java:383) ~[junit-jupiter-engine-5.11.4.jar:5.11.4]
	at org.junit.jupiter.engine.descriptor.ClassBasedTestDescriptor.lambda$invokeTestInstancePostProcessors$12(ClassBasedTestDescriptor.java:378) ~[junit-jupiter-engine-5.11.4.jar:5.11.4]
	at java.base/java.util.stream.ForEachOps$ForEachOp$OfRef.accept(ForEachOps.java:186) ~[na:na]
	at java.base/java.util.stream.ReferencePipeline$3$1.accept(ReferencePipeline.java:215) ~[na:na]
	at java.base/java.util.stream.ReferencePipeline$2$1.accept(ReferencePipeline.java:197) ~[na:na]
	at java.base/java.util.stream.ReferencePipeline$3$1.accept(ReferencePipeline.java:215) ~[na:na]
	at java.base/java.util.ArrayList$ArrayListSpliterator.forEachRemaining(ArrayList.java:1716) ~[na:na]
	at java.base/java.util.stream.AbstractPipeline.copyInto(AbstractPipeline.java:570) ~[na:na]
	at java.base/java.util.stream.AbstractPipeline.wrapAndCopyInto(AbstractPipeline.java:560) ~[na:na]
	at java.base/java.util.stream.ForEachOps$ForEachOp.evaluateSequential(ForEachOps.java:153) ~[na:na]
	at java.base/java.util.stream.ForEachOps$ForEachOp$OfRef.evaluateSequential(ForEachOps.java:176) ~[na:na]
	at java.base/java.util.stream.AbstractPipeline.evaluate(AbstractPipeline.java:265) ~[na:na]
	at java.base/java.util.stream.ReferencePipeline.forEach(ReferencePipeline.java:636) ~[na:na]
	at org.junit.jupiter.engine.descriptor.ClassBasedTestDescriptor.invokeTestInstancePostProcessors(ClassBasedTestDescriptor.java:377) ~[junit-jupiter-engine-5.11.4.jar:5.11.4]
	at org.junit.jupiter.engine.descriptor.ClassBasedTestDescriptor.lambda$instantiateAndPostProcessTestInstance$7(ClassBasedTestDescriptor.java:290) ~[junit-jupiter-engine-5.11.4.jar:5.11.4]
	at org.junit.platform.engine.support.hierarchical.ThrowableCollector.execute(ThrowableCollector.java:73) ~[junit-platform-engine-1.11.4.jar:1.11.4]
	at org.junit.jupiter.engine.descriptor.ClassBasedTestDescriptor.instantiateAndPostProcessTestInstance(ClassBasedTestDescriptor.java:289) ~[junit-jupiter-engine-5.11.4.jar:5.11.4]
	at org.junit.jupiter.engine.descriptor.ClassBasedTestDescriptor.lambda$testInstancesProvider$5(ClassBasedTestDescriptor.java:279) ~[junit-jupiter-engine-5.11.4.jar:5.11.4]
	at java.base/java.util.Optional.orElseGet(Optional.java:364) ~[na:na]
	at org.junit.jupiter.engine.descriptor.ClassBasedTestDescriptor.lambda$testInstancesProvider$6(ClassBasedTestDescriptor.java:278) ~[junit-jupiter-engine-5.11.4.jar:5.11.4]
	at org.junit.jupiter.engine.execution.TestInstancesProvider.getTestInstances(TestInstancesProvider.java:31) ~[junit-jupiter-engine-5.11.4.jar:5.11.4]
	at org.junit.jupiter.engine.descriptor.TestMethodTestDescriptor.lambda$prepare$1(TestMethodTestDescriptor.java:105) ~[junit-jupiter-engine-5.11.4.jar:5.11.4]
	at org.junit.platform.engine.support.hierarchical.ThrowableCollector.execute(ThrowableCollector.java:73) ~[junit-platform-engine-1.11.4.jar:1.11.4]
	at org.junit.jupiter.engine.descriptor.TestMethodTestDescriptor.prepare(TestMethodTestDescriptor.java:104) ~[junit-jupiter-engine-5.11.4.jar:5.11.4]
	at org.junit.jupiter.engine.descriptor.TestMethodTestDescriptor.prepare(TestMethodTestDescriptor.java:68) ~[junit-jupiter-engine-5.11.4.jar:5.11.4]
	at org.junit.platform.engine.support.hierarchical.NodeTestTask.lambda$prepare$2(NodeTestTask.java:128) ~[junit-platform-engine-1.11.4.jar:1.11.4]
	at org.junit.platform.engine.support.hierarchical.ThrowableCollector.execute(ThrowableCollector.java:73) ~[junit-platform-engine-1.11.4.jar:1.11.4]
	at org.junit.platform.engine.support.hierarchical.NodeTestTask.prepare(NodeTestTask.java:128) ~[junit-platform-engine-1.11.4.jar:1.11.4]
	at org.junit.platform.engine.support.hierarchical.NodeTestTask.execute(NodeTestTask.java:95) ~[junit-platform-engine-1.11.4.jar:1.11.4]
	at java.base/java.util.ArrayList.forEach(ArrayList.java:1604) ~[na:na]
	at org.junit.platform.engine.support.hierarchical.SameThreadHierarchicalTestExecutorService.invokeAll(SameThreadHierarchicalTestExecutorService.java:41) ~[junit-platform-engine-1.11.4.jar:1.11.4]
	at org.junit.platform.engine.support.hierarchical.NodeTestTask.lambda$executeRecursively$6(NodeTestTask.java:160) ~[junit-platform-engine-1.11.4.jar:1.11.4]
	at org.junit.platform.engine.support.hierarchical.ThrowableCollector.execute(ThrowableCollector.java:73) ~[junit-platform-engine-1.11.4.jar:1.11.4]
	at org.junit.platform.engine.support.hierarchical.NodeTestTask.lambda$executeRecursively$8(NodeTestTask.java:146) ~[junit-platform-engine-1.11.4.jar:1.11.4]
	at org.junit.platform.engine.support.hierarchical.Node.around(Node.java:137) ~[junit-platform-engine-1.11.4.jar:1.11.4]
	at org.junit.platform.engine.support.hierarchical.NodeTestTask.lambda$executeRecursively$9(NodeTestTask.java:144) ~[junit-platform-engine-1.11.4.jar:1.11.4]
	at org.junit.platform.engine.support.hierarchical.ThrowableCollector.execute(ThrowableCollector.java:73) ~[junit-platform-engine-1.11.4.jar:1.11.4]
	at org.junit.platform.engine.support.hierarchical.NodeTestTask.executeRecursively(NodeTestTask.java:143) ~[junit-platform-engine-1.11.4.jar:1.11.4]
	at org.junit.platform.engine.support.hierarchical.NodeTestTask.execute(NodeTestTask.java:100) ~[junit-platform-engine-1.11.4.jar:1.11.4]
	at java.base/java.util.ArrayList.forEach(ArrayList.java:1604) ~[na:na]
	at org.junit.platform.engine.support.hierarchical.SameThreadHierarchicalTestExecutorService.invokeAll(SameThreadHierarchicalTestExecutorService.java:41) ~[junit-platform-engine-1.11.4.jar:1.11.4]
	at org.junit.platform.engine.support.hierarchical.NodeTestTask.lambda$executeRecursively$6(NodeTestTask.java:160) ~[junit-platform-engine-1.11.4.jar:1.11.4]
	at org.junit.platform.engine.support.hierarchical.ThrowableCollector.execute(ThrowableCollector.java:73) ~[junit-platform-engine-1.11.4.jar:1.11.4]
	at org.junit.platform.engine.support.hierarchical.NodeTestTask.lambda$executeRecursively$8(NodeTestTask.java:146) ~[junit-platform-engine-1.11.4.jar:1.11.4]
	at org.junit.platform.engine.support.hierarchical.Node.around(Node.java:137) ~[junit-platform-engine-1.11.4.jar:1.11.4]
	at org.junit.platform.engine.support.hierarchical.NodeTestTask.lambda$executeRecursively$9(NodeTestTask.java:144) ~[junit-platform-engine-1.11.4.jar:1.11.4]
	at org.junit.platform.engine.support.hierarchical.ThrowableCollector.execute(ThrowableCollector.java:73) ~[junit-platform-engine-1.11.4.jar:1.11.4]
	at org.junit.platform.engine.support.hierarchical.NodeTestTask.executeRecursively(NodeTestTask.java:143) ~[junit-platform-engine-1.11.4.jar:1.11.4]
	at org.junit.platform.engine.support.hierarchical.NodeTestTask.execute(NodeTestTask.java:100) ~[junit-platform-engine-1.11.4.jar:1.11.4]
	at org.junit.platform.engine.support.hierarchical.SameThreadHierarchicalTestExecutorService.submit(SameThreadHierarchicalTestExecutorService.java:35) ~[junit-platform-engine-1.11.4.jar:1.11.4]
	at org.junit.platform.engine.support.hierarchical.HierarchicalTestExecutor.execute(HierarchicalTestExecutor.java:57) ~[junit-platform-engine-1.11.4.jar:1.11.4]
	at org.junit.platform.engine.support.hierarchical.HierarchicalTestEngine.execute(HierarchicalTestEngine.java:54) ~[junit-platform-engine-1.11.4.jar:1.11.4]
	at org.junit.platform.launcher.core.EngineExecutionOrchestrator.execute(EngineExecutionOrchestrator.java:198) ~[junit-platform-launcher-1.11.4.jar:1.11.4]
	at org.junit.platform.launcher.core.EngineExecutionOrchestrator.execute(EngineExecutionOrchestrator.java:169) ~[junit-platform-launcher-1.11.4.jar:1.11.4]
	at org.junit.platform.launcher.core.EngineExecutionOrchestrator.execute(EngineExecutionOrchestrator.java:93) ~[junit-platform-launcher-1.11.4.jar:1.11.4]
	at org.junit.platform.launcher.core.EngineExecutionOrchestrator.lambda$execute$0(EngineExecutionOrchestrator.java:58) ~[junit-platform-launcher-1.11.4.jar:1.11.4]
	at org.junit.platform.launcher.core.EngineExecutionOrchestrator.withInterceptedStreams(EngineExecutionOrchestrator.java:141) ~[junit-platform-launcher-1.11.4.jar:1.11.4]
	at org.junit.platform.launcher.core.EngineExecutionOrchestrator.execute(EngineExecutionOrchestrator.java:57) ~[junit-platform-launcher-1.11.4.jar:1.11.4]
	at org.junit.platform.launcher.core.DefaultLauncher.execute(DefaultLauncher.java:103) ~[junit-platform-launcher-1.11.4.jar:1.11.4]
	at org.junit.platform.launcher.core.DefaultLauncher.execute(DefaultLauncher.java:85) ~[junit-platform-launcher-1.11.4.jar:1.11.4]
	at org.junit.platform.launcher.core.DelegatingLauncher.execute(DelegatingLauncher.java:47) ~[junit-platform-launcher-1.11.4.jar:1.11.4]
	at org.apache.maven.surefire.junitplatform.LazyLauncher.execute(LazyLauncher.java:56) ~[surefire-junit-platform-3.5.3.jar:3.5.3]
	at org.apache.maven.surefire.junitplatform.JUnitPlatformProvider.execute(JUnitPlatformProvider.java:194) ~[surefire-junit-platform-3.5.3.jar:3.5.3]
	at org.apache.maven.surefire.junitplatform.JUnitPlatformProvider.invokeAllTests(JUnitPlatformProvider.java:150) ~[surefire-junit-platform-3.5.3.jar:3.5.3]
	at org.apache.maven.surefire.junitplatform.JUnitPlatformProvider.invoke(JUnitPlatformProvider.java:124) ~[surefire-junit-platform-3.5.3.jar:3.5.3]
	at org.apache.maven.surefire.booter.ForkedBooter.runSuitesInProcess(ForkedBooter.java:385) ~[surefire-booter-3.5.3.jar:3.5.3]
	at org.apache.maven.surefire.booter.ForkedBooter.execute(ForkedBooter.java:162) ~[surefire-booter-3.5.3.jar:3.5.3]
	at org.apache.maven.surefire.booter.ForkedBooter.run(ForkedBooter.java:507) ~[surefire-booter-3.5.3.jar:3.5.3]
	at org.apache.maven.surefire.booter.ForkedBooter.main(ForkedBooter.java:495) ~[surefire-booter-3.5.3.jar:3.5.3]
Caused by: org.postgresql.util.PSQLException: ERROR: insert or update on table "comments" violates foreign key constraint "fkfgghtkf2fogfrehxgtn8572ae"
  Detail: Key (card_id)=(4) is not present in table "card".
	at org.postgresql.core.v3.QueryExecutorImpl.receiveErrorResponse(QueryExecutorImpl.java:2734) ~[postgresql-42.7.7.jar:42.7.7]
	at org.postgresql.core.v3.QueryExecutorImpl.processResults(QueryExecutorImpl.java:2421) ~[postgresql-42.7.7.jar:42.7.7]
	at org.postgresql.core.v3.QueryExecutorImpl.execute(QueryExecutorImpl.java:372) ~[postgresql-42.7.7.jar:42.7.7]
	at org.postgresql.jdbc.PgStatement.executeInternal(PgStatement.java:518) ~[postgresql-42.7.7.jar:42.7.7]
	at org.postgresql.jdbc.PgStatement.execute(PgStatement.java:435) ~[postgresql-42.7.7.jar:42.7.7]
	at org.postgresql.jdbc.PgStatement.executeWithFlags(PgStatement.java:357) ~[postgresql-42.7.7.jar:42.7.7]
	at org.postgresql.jdbc.PgStatement.executeCachedSql(PgStatement.java:342) ~[postgresql-42.7.7.jar:42.7.7]
	at org.postgresql.jdbc.PgStatement.executeWithFlags(PgStatement.java:318) ~[postgresql-42.7.7.jar:42.7.7]
	at org.postgresql.jdbc.PgStatement.execute(PgStatement.java:313) ~[postgresql-42.7.7.jar:42.7.7]
	at com.zaxxer.hikari.pool.ProxyStatement.execute(ProxyStatement.java:94) ~[HikariCP-5.1.0.jar:na]
	at com.zaxxer.hikari.pool.HikariProxyStatement.execute(HikariProxyStatement.java) ~[HikariCP-5.1.0.jar:na]
	at org.hibernate.tool.schema.internal.exec.GenerationTargetToDatabase.accept(GenerationTargetToDatabase.java:80) ~[hibernate-core-6.6.18.Final.jar:6.6.18.Final]
	... 116 common frames omitted

2025-07-28T17:56:58.214Z  INFO 41266 --- [           main] j.LocalContainerEntityManagerFactoryBean : Initialized JPA EntityManagerFactory for persistence unit 'default'
2025-07-28T17:56:58.281Z  WARN 41266 --- [           main] o.s.aop.framework.CglibAopProxy          : Unable to proxy interface-implementing method [public final void org.springframework.web.filter.OncePerRequestFilter.doFilter(jakarta.servlet.ServletRequest,jakarta.servlet.ServletResponse,jakarta.servlet.FilterChain) throws jakarta.servlet.ServletException,java.io.IOException] because it is marked as final, consider using interface-based JDK proxies instead.
2025-07-28T17:56:58.282Z  WARN 41266 --- [           main] o.s.aop.framework.CglibAopProxy          : Unable to proxy interface-implementing method [public final void org.springframework.web.filter.GenericFilterBean.init(jakarta.servlet.FilterConfig) throws jakarta.servlet.ServletException] because it is marked as final, consider using interface-based JDK proxies instead.
2025-07-28T17:56:59.747Z  WARN 41266 --- [           main] JpaBaseConfiguration$JpaWebConfiguration : spring.jpa.open-in-view is enabled by default. Therefore, database queries may be performed during view rendering. Explicitly configure spring.jpa.open-in-view to disable this warning
2025-07-28T17:56:59.931Z  INFO 41266 --- [           main] eAuthenticationProviderManagerConfigurer : Global AuthenticationManager configured with AuthenticationProvider bean with name authenticationProvider
2025-07-28T17:56:59.932Z  WARN 41266 --- [           main] r$InitializeUserDetailsManagerConfigurer : Global AuthenticationManager configured with an AuthenticationProvider bean. UserDetailsService beans will not be used by Spring Security for automatically configuring username/password login. Consider removing the AuthenticationProvider bean. Alternatively, consider using the UserDetailsService in a manually instantiated DaoAuthenticationProvider. If the current configuration is intentional, to turn off this warning, increase the logging level of 'org.springframework.security.config.annotation.authentication.configuration.InitializeUserDetailsBeanManagerConfigurer' to ERROR
2025-07-28T17:57:00.285Z DEBUG 41266 --- [           main] s.w.s.m.m.a.RequestMappingHandlerMapping : 27 mappings in 'requestMappingHandlerMapping'
2025-07-28T17:57:00.553Z DEBUG 41266 --- [           main] o.s.w.s.handler.SimpleUrlHandlerMapping  : Patterns [/webjars/**, /**] in 'resourceHandlerMapping'
2025-07-28T17:57:00.846Z  INFO 41266 --- [           main] o.s.b.a.e.web.EndpointLinksResolver      : Exposing 1 endpoint beneath base path '/actuator'
2025-07-28T17:57:01.102Z DEBUG 41266 --- [           main] o.s.s.web.DefaultSecurityFilterChain     : Will secure any request with filters: DisableEncodeUrlFilter, WebAsyncManagerIntegrationFilter, SecurityContextHolderFilter, HeaderWriterFilter, CorsFilter, LogoutFilter, JwtAuthenticationFilter$$SpringCGLIB$$0, RequestCacheAwareFilter, SecurityContextHolderAwareRequestFilter, AnonymousAuthenticationFilter, SessionManagementFilter, ExceptionTranslationFilter, AuthorizationFilter
2025-07-28T17:57:01.381Z DEBUG 41266 --- [           main] s.w.s.m.m.a.RequestMappingHandlerAdapter : ControllerAdvice beans: 0 @ModelAttribute, 0 @InitBinder, 1 RequestBodyAdvice, 1 ResponseBodyAdvice
2025-07-28T17:57:01.483Z DEBUG 41266 --- [           main] .m.m.a.ExceptionHandlerExceptionResolver : ControllerAdvice beans: 1 @ExceptionHandler, 1 ResponseBodyAdvice
2025-07-28T17:57:02.065Z  INFO 41266 --- [           main] c.t.t.TaskhiveBackendApplicationTests    : Started TaskhiveBackendApplicationTests in 17.847 seconds (process running for 22.186)
2025-07-28T17:57:02.079Z ERROR 41266 --- [   scheduling-1] o.s.s.s.TaskUtils$LoggingErrorHandler    : Unexpected error occurred in scheduled task

java.lang.StackOverflowError: null
	at com.taskhive.taskhive_backend.service.ReminderService.sendDueDateReminders(ReminderService.java:24) ~[classes/:na]
	at com.taskhive.taskhive_backend.service.ReminderService.sendDueDateReminders(ReminderService.java:24) ~[classes/:na]
	at com.taskhive.taskhive_backend.service.ReminderService.sendDueDateReminders(ReminderService.java:24) ~[classes/:na]
	at com.taskhive.taskhive_backend.service.ReminderService.sendDueDateReminders(ReminderService.java:24) ~[classes/:na]
	at com.taskhive.taskhive_backend.service.ReminderService.sendDueDateReminders(ReminderService.java:24) ~[classes/:na]
	at com.taskhive.taskhive_backend.service.ReminderService.sendDueDateReminders(ReminderService.java:24) ~[classes/:na]
	at com.taskhive.taskhive_backend.service.ReminderService.sendDueDateReminders(ReminderService.java:24) ~[classes/:na]
	at com.taskhive.taskhive_backend.service.ReminderService.sendDueDateReminders(ReminderService.java:24) ~[classes/:na]
	at com.taskhive.taskhive_backend.service.ReminderService.sendDueDateReminders(ReminderService.java:24) ~[classes/:na]
	at com.taskhive.taskhive_backend.service.ReminderService.sendDueDateReminders(ReminderService.java:24) ~[classes/:na]
	at com.taskhive.taskhive_backend.service.ReminderService.sendDueDateReminders(ReminderService.java:24) ~[classes/:na]
	at com.taskhive.taskhive_backend.service.ReminderService.sendDueDateReminders(ReminderService.java:24) ~[classes/:na]
	at com.taskhive.taskhive_backend.service.ReminderService.sendDueDateReminders(ReminderService.java:24) ~[classes/:na]
	at com.taskhive.taskhive_backend.service.ReminderService.sendDueDateReminders(ReminderService.java:24) ~[classes/:na]
	at com.taskhive.taskhive_backend.service.ReminderService.sendDueDateReminders(ReminderService.java:24) ~[classes/:na]
	at com.taskhive.taskhive_backend.service.ReminderService.sendDueDateReminders(ReminderService.java:24) ~[classes/:na]
	at com.taskhive.taskhive_backend.service.ReminderService.sendDueDateReminders(ReminderService.java:24) ~[classes/:na]
	at com.taskhive.taskhive_backend.service.ReminderService.sendDueDateReminders(ReminderService.java:24) ~[classes/:na]
	at com.taskhive.taskhive_backend.service.ReminderService.sendDueDateReminders(ReminderService.java:24) ~[classes/:na]
	at com.taskhive.taskhive_backend.service.ReminderService.sendDueDateReminders(ReminderService.java:24) ~[classes/:na]
	at com.taskhive.taskhive_backend.service.ReminderService.sendDueDateReminders(ReminderService.java:24) ~[classes/:na]
	at com.taskhive.taskhive_backend.service.ReminderService.sendDueDateReminders(ReminderService.java:24) ~[classes/:na]
	at com.taskhive.taskhive_backend.service.ReminderService.sendDueDateReminders(ReminderService.java:24) ~[classes/:na]
	at com.taskhive.taskhive_backend.service.ReminderService.sendDueDateReminders(ReminderService.java:24) ~[classes/:na]
	at com.taskhive.taskhive_backend.service.ReminderService.sendDueDateReminders(ReminderService.java:24) ~[classes/:na]
	at com.taskhive.taskhive_backend.service.ReminderService.sendDueDateReminders(ReminderService.java:24) ~[classes/:na]
	at com.taskhive.taskhive_backend.service.ReminderService.sendDueDateReminders(ReminderService.java:24) ~[classes/:na]
	at com.taskhive.taskhive_backend.service.ReminderService.sendDueDateReminders(ReminderService.java:24) ~[classes/:na]
	at com.taskhive.taskhive_backend.service.ReminderService.sendDueDateReminders(ReminderService.java:24) ~[classes/:na]
	at com.taskhive.taskhive_backend.service.ReminderService.sendDueDateReminders(ReminderService.java:24) ~[classes/:na]
	at com.taskhive.taskhive_backend.service.ReminderService.sendDueDateReminders(ReminderService.java:24) ~[classes/:na]
	at com.taskhive.taskhive_backend.service.ReminderService.sendDueDateReminders(ReminderService.java:24) ~[classes/:na]
	at com.taskhive.taskhive_backend.service.ReminderService.sendDueDateReminders(ReminderService.java:24) ~[classes/:na]
	at com.taskhive.taskhive_backend.service.ReminderService.sendDueDateReminders(ReminderService.java:24) ~[classes/:na]
	at com.taskhive.taskhive_backend.service.ReminderService.sendDueDateReminders(ReminderService.java:24) ~[classes/:na]
	at com.taskhive.taskhive_backend.service.ReminderService.sendDueDateReminders(ReminderService.java:24) ~[classes/:na]
	at com.taskhive.taskhive_backend.service.ReminderService.sendDueDateReminders(ReminderService.java:24) ~[classes/:na]
	at com.taskhive.taskhive_backend.service.ReminderService.sendDueDateReminders(ReminderService.java:24) ~[classes/:na]
	at com.taskhive.taskhive_backend.service.ReminderService.sendDueDateReminders(ReminderService.java:24) ~[classes/:na]
	at com.taskhive.taskhive_backend.service.ReminderService.sendDueDateReminders(ReminderService.java:24) ~[classes/:na]
	at com.taskhive.taskhive_backend.service.ReminderService.sendDueDateReminders(ReminderService.java:24) ~[classes/:na]
	at com.taskhive.taskhive_backend.service.ReminderService.sendDueDateReminders(ReminderService.java:24) ~[classes/:na]
	at com.taskhive.taskhive_backend.service.ReminderService.sendDueDateReminders(ReminderService.java:24) ~[classes/:na]
	at com.taskhive.taskhive_backend.service.ReminderService.sendDueDateReminders(ReminderService.java:24) ~[classes/:na]
	at com.taskhive.taskhive_backend.service.ReminderService.sendDueDateReminders(ReminderService.java:24) ~[classes/:na]
	at com.taskhive.taskhive_backend.service.ReminderService.sendDueDateReminders(ReminderService.java:24) ~[classes/:na]
	at com.taskhive.taskhive_backend.service.ReminderService.sendDueDateReminders(ReminderService.java:24) ~[classes/:na]
	at com.taskhive.taskhive_backend.service.ReminderService.sendDueDateReminders(ReminderService.java:24) ~[classes/:na]
	at com.taskhive.taskhive_backend.service.ReminderService.sendDueDateReminders(ReminderService.java:24) ~[classes/:na]
	at com.taskhive.taskhive_backend.service.ReminderService.sendDueDateReminders(ReminderService.java:24) ~[classes/:na]
	at com.taskhive.taskhive_backend.service.ReminderService.sendDueDateReminders(ReminderService.java:24) ~[classes/:na]
	at com.taskhive.taskhive_backend.service.ReminderService.sendDueDateReminders(ReminderService.java:24) ~[classes/:na]
	at com.taskhive.taskhive_backend.service.ReminderService.sendDueDateReminders(ReminderService.java:24) ~[classes/:na]
	at com.taskhive.taskhive_backend.service.ReminderService.sendDueDateReminders(ReminderService.java:24) ~[classes/:na]
	at com.taskhive.taskhive_backend.service.ReminderService.sendDueDateReminders(ReminderService.java:24) ~[classes/:na]
	at com.taskhive.taskhive_backend.service.ReminderService.sendDueDateReminders(ReminderService.java:24) ~[classes/:na]
	at com.taskhive.taskhive_backend.service.ReminderService.sendDueDateReminders(ReminderService.java:24) ~[classes/:na]
	at com.taskhive.taskhive_backend.service.ReminderService.sendDueDateReminders(ReminderService.java:24) ~[classes/:na]
	at com.taskhive.taskhive_backend.service.ReminderService.sendDueDateReminders(ReminderService.java:24) ~[classes/:na]
	at com.taskhive.taskhive_backend.service.ReminderService.sendDueDateReminders(ReminderService.java:24) ~[classes/:na]
	at com.taskhive.taskhive_backend.service.ReminderService.sendDueDateReminders(ReminderService.java:24) ~[classes/:na]
	at com.taskhive.taskhive_backend.service.ReminderService.sendDueDateReminders(ReminderService.java:24) ~[classes/:na]
	at com.taskhive.taskhive_backend.service.ReminderService.sendDueDateReminders(ReminderService.java:24) ~[classes/:na]
	at com.taskhive.taskhive_backend.service.ReminderService.sendDueDateReminders(ReminderService.java:24) ~[classes/:na]
	at com.taskhive.taskhive_backend.service.ReminderService.sendDueDateReminders(ReminderService.java:24) ~[classes/:na]
	at com.taskhive.taskhive_backend.service.ReminderService.sendDueDateReminders(ReminderService.java:24) ~[classes/:na]
	at com.taskhive.taskhive_backend.service.ReminderService.sendDueDateReminders(ReminderService.java:24) ~[classes/:na]
	at com.taskhive.taskhive_backend.service.ReminderService.sendDueDateReminders(ReminderService.java:24) ~[classes/:na]
	at com.taskhive.taskhive_backend.service.ReminderService.sendDueDateReminders(ReminderService.java:24) ~[classes/:na]
	at com.taskhive.taskhive_backend.service.ReminderService.sendDueDateReminders(ReminderService.java:24) ~[classes/:na]
	at com.taskhive.taskhive_backend.service.ReminderService.sendDueDateReminders(ReminderService.java:24) ~[classes/:na]
	at com.taskhive.taskhive_backend.service.ReminderService.sendDueDateReminders(ReminderService.java:24) ~[classes/:na]
	at com.taskhive.taskhive_backend.service.ReminderService.sendDueDateReminders(ReminderService.java:24) ~[classes/:na]
	at com.taskhive.taskhive_backend.service.ReminderService.sendDueDateReminders(ReminderService.java:24) ~[classes/:na]
	at com.taskhive.taskhive_backend.service.ReminderService.sendDueDateReminders(ReminderService.java:24) ~[classes/:na]
	at com.taskhive.taskhive_backend.service.ReminderService.sendDueDateReminders(ReminderService.java:24) ~[classes/:na]
	at com.taskhive.taskhive_backend.service.ReminderService.sendDueDateReminders(ReminderService.java:24) ~[classes/:na]
	at com.taskhive.taskhive_backend.service.ReminderService.sendDueDateReminders(ReminderService.java:24) ~[classes/:na]
	at com.taskhive.taskhive_backend.service.ReminderService.sendDueDateReminders(ReminderService.java:24) ~[classes/:na]
	at com.taskhive.taskhive_backend.service.ReminderService.sendDueDateReminders(ReminderService.java:24) ~[classes/:na]
	at com.taskhive.taskhive_backend.service.ReminderService.sendDueDateReminders(ReminderService.java:24) ~[classes/:na]
	at com.taskhive.taskhive_backend.service.ReminderService.sendDueDateReminders(ReminderService.java:24) ~[classes/:na]
	at com.taskhive.taskhive_backend.service.ReminderService.sendDueDateReminders(ReminderService.java:24) ~[classes/:na]
	at com.taskhive.taskhive_backend.service.ReminderService.sendDueDateReminders(ReminderService.java:24) ~[classes/:na]
	at com.taskhive.taskhive_backend.service.ReminderService.sendDueDateReminders(ReminderService.java:24) ~[classes/:na]
	at com.taskhive.taskhive_backend.service.ReminderService.sendDueDateReminders(ReminderService.java:24) ~[classes/:na]
	at com.taskhive.taskhive_backend.service.ReminderService.sendDueDateReminders(ReminderService.java:24) ~[classes/:na]
	at com.taskhive.taskhive_backend.service.ReminderService.sendDueDateReminders(ReminderService.java:24) ~[classes/:na]
	at com.taskhive.taskhive_backend.service.ReminderService.sendDueDateReminders(ReminderService.java:24) ~[classes/:na]
	at com.taskhive.taskhive_backend.service.ReminderService.sendDueDateReminders(ReminderService.java:24) ~[classes/:na]
	at com.taskhive.taskhive_backend.service.ReminderService.sendDueDateReminders(ReminderService.java:24) ~[classes/:na]
	at com.taskhive.taskhive_backend.service.ReminderService.sendDueDateReminders(ReminderService.java:24) ~[classes/:na]
	at com.taskhive.taskhive_backend.service.ReminderService.sendDueDateReminders(ReminderService.java:24) ~[classes/:na]
	at com.taskhive.taskhive_backend.service.ReminderService.sendDueDateReminders(ReminderService.java:24) ~[classes/:na]
	at com.taskhive.taskhive_backend.service.ReminderService.sendDueDateReminders(ReminderService.java:24) ~[classes/:na]
	at com.taskhive.taskhive_backend.service.ReminderService.sendDueDateReminders(ReminderService.java:24) ~[classes/:na]
	at com.taskhive.taskhive_backend.service.ReminderService.sendDueDateReminders(ReminderService.java:24) ~[classes/:na]
	at com.taskhive.taskhive_backend.service.ReminderService.sendDueDateReminders(ReminderService.java:24) ~[classes/:na]
	at com.taskhive.taskhive_backend.service.ReminderService.sendDueDateReminders(ReminderService.java:24) ~[classes/:na]
	at com.taskhive.taskhive_backend.service.ReminderService.sendDueDateReminders(ReminderService.java:24) ~[classes/:na]
	at com.taskhive.taskhive_backend.service.ReminderService.sendDueDateReminders(ReminderService.java:24) ~[classes/:na]
	at com.taskhive.taskhive_backend.service.ReminderService.sendDueDateReminders(ReminderService.java:24) ~[classes/:na]
	at com.taskhive.taskhive_backend.service.ReminderService.sendDueDateReminders(ReminderService.java:24) ~[classes/:na]
	at com.taskhive.taskhive_backend.service.ReminderService.sendDueDateReminders(ReminderService.java:24) ~[classes/:na]
	at com.taskhive.taskhive_backend.service.ReminderService.sendDueDateReminders(ReminderService.java:24) ~[classes/:na]
	at com.taskhive.taskhive_backend.service.ReminderService.sendDueDateReminders(ReminderService.java:24) ~[classes/:na]
	at com.taskhive.taskhive_backend.service.ReminderService.sendDueDateReminders(ReminderService.java:24) ~[classes/:na]
	at com.taskhive.taskhive_backend.service.ReminderService.sendDueDateReminders(ReminderService.java:24) ~[classes/:na]
	at com.taskhive.taskhive_backend.service.ReminderService.sendDueDateReminders(ReminderService.java:24) ~[classes/:na]
	at com.taskhive.taskhive_backend.service.ReminderService.sendDueDateReminders(ReminderService.java:24) ~[classes/:na]
	at com.taskhive.taskhive_backend.service.ReminderService.sendDueDateReminders(ReminderService.java:24) ~[classes/:na]
	at com.taskhive.taskhive_backend.service.ReminderService.sendDueDateReminders(ReminderService.java:24) ~[classes/:na]
	at com.taskhive.taskhive_backend.service.ReminderService.sendDueDateReminders(ReminderService.java:24) ~[classes/:na]
	at com.taskhive.taskhive_backend.service.ReminderService.sendDueDateReminders(ReminderService.java:24) ~[classes/:na]
	at com.taskhive.taskhive_backend.service.ReminderService.sendDueDateReminders(ReminderService.java:24) ~[classes/:na]
	at com.taskhive.taskhive_backend.service.ReminderService.sendDueDateReminders(ReminderService.java:24) ~[classes/:na]
	at com.taskhive.taskhive_backend.service.ReminderService.sendDueDateReminders(ReminderService.java:24) ~[classes/:na]
	at com.taskhive.taskhive_backend.service.ReminderService.sendDueDateReminders(ReminderService.java:24) ~[classes/:na]
	at com.taskhive.taskhive_backend.service.ReminderService.sendDueDateReminders(ReminderService.java:24) ~[classes/:na]
	at com.taskhive.taskhive_backend.service.ReminderService.sendDueDateReminders(ReminderService.java:24) ~[classes/:na]
	at com.taskhive.taskhive_backend.service.ReminderService.sendDueDateReminders(ReminderService.java:24) ~[classes/:na]
	at com.taskhive.taskhive_backend.service.ReminderService.sendDueDateReminders(ReminderService.java:24) ~[classes/:na]
	at com.taskhive.taskhive_backend.service.ReminderService.sendDueDateReminders(ReminderService.java:24) ~[classes/:na]
	at com.taskhive.taskhive_backend.service.ReminderService.sendDueDateReminders(ReminderService.java:24) ~[classes/:na]
	at com.taskhive.taskhive_backend.service.ReminderService.sendDueDateReminders(ReminderService.java:24) ~[classes/:na]
	at com.taskhive.taskhive_backend.service.ReminderService.sendDueDateReminders(ReminderService.java:24) ~[classes/:na]
	at com.taskhive.taskhive_backend.service.ReminderService.sendDueDateReminders(ReminderService.java:24) ~[classes/:na]
	at com.taskhive.taskhive_backend.service.ReminderService.sendDueDateReminders(ReminderService.java:24) ~[classes/:na]
	at com.taskhive.taskhive_backend.service.ReminderService.sendDueDateReminders(ReminderService.java:24) ~[classes/:na]
	at com.taskhive.taskhive_backend.service.ReminderService.sendDueDateReminders(ReminderService.java:24) ~[classes/:na]
	at com.taskhive.taskhive_backend.service.ReminderService.sendDueDateReminders(ReminderService.java:24) ~[classes/:na]
	at com.taskhive.taskhive_backend.service.ReminderService.sendDueDateReminders(ReminderService.java:24) ~[classes/:na]
	at com.taskhive.taskhive_backend.service.ReminderService.sendDueDateReminders(ReminderService.java:24) ~[classes/:na]
	at com.taskhive.taskhive_backend.service.ReminderService.sendDueDateReminders(ReminderService.java:24) ~[classes/:na]
	at com.taskhive.taskhive_backend.service.ReminderService.sendDueDateReminders(ReminderService.java:24) ~[classes/:na]
	at com.taskhive.taskhive_backend.service.ReminderService.sendDueDateReminders(ReminderService.java:24) ~[classes/:na]
	at com.taskhive.taskhive_backend.service.ReminderService.sendDueDateReminders(ReminderService.java:24) ~[classes/:na]
	at com.taskhive.taskhive_backend.service.ReminderService.sendDueDateReminders(ReminderService.java:24) ~[classes/:na]
	at com.taskhive.taskhive_backend.service.ReminderService.sendDueDateReminders(ReminderService.java:24) ~[classes/:na]
	at com.taskhive.taskhive_backend.service.ReminderService.sendDueDateReminders(ReminderService.java:24) ~[classes/:na]
	at com.taskhive.taskhive_backend.service.ReminderService.sendDueDateReminders(ReminderService.java:24) ~[classes/:na]
	at com.taskhive.taskhive_backend.service.ReminderService.sendDueDateReminders(ReminderService.java:24) ~[classes/:na]
	at com.taskhive.taskhive_backend.service.ReminderService.sendDueDateReminders(ReminderService.java:24) ~[classes/:na]
	at com.taskhive.taskhive_backend.service.ReminderService.sendDueDateReminders(ReminderService.java:24) ~[classes/:na]
	at com.taskhive.taskhive_backend.service.ReminderService.sendDueDateReminders(ReminderService.java:24) ~[classes/:na]
	at com.taskhive.taskhive_backend.service.ReminderService.sendDueDateReminders(ReminderService.java:24) ~[classes/:na]
	at com.taskhive.taskhive_backend.service.ReminderService.sendDueDateReminders(ReminderService.java:24) ~[classes/:na]
	at com.taskhive.taskhive_backend.service.ReminderService.sendDueDateReminders(ReminderService.java:24) ~[classes/:na]
	at com.taskhive.taskhive_backend.service.ReminderService.sendDueDateReminders(ReminderService.java:24) ~[classes/:na]
	at com.taskhive.taskhive_backend.service.ReminderService.sendDueDateReminders(ReminderService.java:24) ~[classes/:na]
	at com.taskhive.taskhive_backend.service.ReminderService.sendDueDateReminders(ReminderService.java:24) ~[classes/:na]
	at com.taskhive.taskhive_backend.service.ReminderService.sendDueDateReminders(ReminderService.java:24) ~[classes/:na]
	at com.taskhive.taskhive_backend.service.ReminderService.sendDueDateReminders(ReminderService.java:24) ~[classes/:na]
	at com.taskhive.taskhive_backend.service.ReminderService.sendDueDateReminders(ReminderService.java:24) ~[classes/:na]
	at com.taskhive.taskhive_backend.service.ReminderService.sendDueDateReminders(ReminderService.java:24) ~[classes/:na]
	at com.taskhive.taskhive_backend.service.ReminderService.sendDueDateReminders(ReminderService.java:24) ~[classes/:na]
	at com.taskhive.taskhive_backend.service.ReminderService.sendDueDateReminders(ReminderService.java:24) ~[classes/:na]
	at com.taskhive.taskhive_backend.service.ReminderService.sendDueDateReminders(ReminderService.java:24) ~[classes/:na]
	at com.taskhive.taskhive_backend.service.ReminderService.sendDueDateReminders(ReminderService.java:24) ~[classes/:na]
	at com.taskhive.taskhive_backend.service.ReminderService.sendDueDateReminders(ReminderService.java:24) ~[classes/:na]
	at com.taskhive.taskhive_backend.service.ReminderService.sendDueDateReminders(ReminderService.java:24) ~[classes/:na]
	at com.taskhive.taskhive_backend.service.ReminderService.sendDueDateReminders(ReminderService.java:24) ~[classes/:na]
	at com.taskhive.taskhive_backend.service.ReminderService.sendDueDateReminders(ReminderService.java:24) ~[classes/:na]
	at com.taskhive.taskhive_backend.service.ReminderService.sendDueDateReminders(ReminderService.java:24) ~[classes/:na]
	at com.taskhive.taskhive_backend.service.ReminderService.sendDueDateReminders(ReminderService.java:24) ~[classes/:na]
	at com.taskhive.taskhive_backend.service.ReminderService.sendDueDateReminders(ReminderService.java:24) ~[classes/:na]
	at com.taskhive.taskhive_backend.service.ReminderService.sendDueDateReminders(ReminderService.java:24) ~[classes/:na]
	at com.taskhive.taskhive_backend.service.ReminderService.sendDueDateReminders(ReminderService.java:24) ~[classes/:na]
	at com.taskhive.taskhive_backend.service.ReminderService.sendDueDateReminders(ReminderService.java:24) ~[classes/:na]
	at com.taskhive.taskhive_backend.service.ReminderService.sendDueDateReminders(ReminderService.java:24) ~[classes/:na]
	at com.taskhive.taskhive_backend.service.ReminderService.sendDueDateReminders(ReminderService.java:24) ~[classes/:na]
	at com.taskhive.taskhive_backend.service.ReminderService.sendDueDateReminders(ReminderService.java:24) ~[classes/:na]
	at com.taskhive.taskhive_backend.service.ReminderService.sendDueDateReminders(ReminderService.java:24) ~[classes/:na]
	at com.taskhive.taskhive_backend.service.ReminderService.sendDueDateReminders(ReminderService.java:24) ~[classes/:na]
	at com.taskhive.taskhive_backend.service.ReminderService.sendDueDateReminders(ReminderService.java:24) ~[classes/:na]
	at com.taskhive.taskhive_backend.service.ReminderService.sendDueDateReminders(ReminderService.java:24) ~[classes/:na]
	at com.taskhive.taskhive_backend.service.ReminderService.sendDueDateReminders(ReminderService.java:24) ~[classes/:na]
	at com.taskhive.taskhive_backend.service.ReminderService.sendDueDateReminders(ReminderService.java:24) ~[classes/:na]
	at com.taskhive.taskhive_backend.service.ReminderService.sendDueDateReminders(ReminderService.java:24) ~[classes/:na]
	at com.taskhive.taskhive_backend.service.ReminderService.sendDueDateReminders(ReminderService.java:24) ~[classes/:na]
	at com.taskhive.taskhive_backend.service.ReminderService.sendDueDateReminders(ReminderService.java:24) ~[classes/:na]
	at com.taskhive.taskhive_backend.service.ReminderService.sendDueDateReminders(ReminderService.java:24) ~[classes/:na]
	at com.taskhive.taskhive_backend.service.ReminderService.sendDueDateReminders(ReminderService.java:24) ~[classes/:na]
	at com.taskhive.taskhive_backend.service.ReminderService.sendDueDateReminders(ReminderService.java:24) ~[classes/:na]
	at com.taskhive.taskhive_backend.service.ReminderService.sendDueDateReminders(ReminderService.java:24) ~[classes/:na]
	at com.taskhive.taskhive_backend.service.ReminderService.sendDueDateReminders(ReminderService.java:24) ~[classes/:na]
	at com.taskhive.taskhive_backend.service.ReminderService.sendDueDateReminders(ReminderService.java:24) ~[classes/:na]
	at com.taskhive.taskhive_backend.service.ReminderService.sendDueDateReminders(ReminderService.java:24) ~[classes/:na]
	at com.taskhive.taskhive_backend.service.ReminderService.sendDueDateReminders(ReminderService.java:24) ~[classes/:na]
	at com.taskhive.taskhive_backend.service.ReminderService.sendDueDateReminders(ReminderService.java:24) ~[classes/:na]
	at com.taskhive.taskhive_backend.service.ReminderService.sendDueDateReminders(ReminderService.java:24) ~[classes/:na]
	at com.taskhive.taskhive_backend.service.ReminderService.sendDueDateReminders(ReminderService.java:24) ~[classes/:na]
	at com.taskhive.taskhive_backend.service.ReminderService.sendDueDateReminders(ReminderService.java:24) ~[classes/:na]
	at com.taskhive.taskhive_backend.service.ReminderService.sendDueDateReminders(ReminderService.java:24) ~[classes/:na]
	at com.taskhive.taskhive_backend.service.ReminderService.sendDueDateReminders(ReminderService.java:24) ~[classes/:na]
	at com.taskhive.taskhive_backend.service.ReminderService.sendDueDateReminders(ReminderService.java:24) ~[classes/:na]
	at com.taskhive.taskhive_backend.service.ReminderService.sendDueDateReminders(ReminderService.java:24) ~[classes/:na]
	at com.taskhive.taskhive_backend.service.ReminderService.sendDueDateReminders(ReminderService.java:24) ~[classes/:na]
	at com.taskhive.taskhive_backend.service.ReminderService.sendDueDateReminders(ReminderService.java:24) ~[classes/:na]
	at com.taskhive.taskhive_backend.service.ReminderService.sendDueDateReminders(ReminderService.java:24) ~[classes/:na]
	at com.taskhive.taskhive_backend.service.ReminderService.sendDueDateReminders(ReminderService.java:24) ~[classes/:na]
	at com.taskhive.taskhive_backend.service.ReminderService.sendDueDateReminders(ReminderService.java:24) ~[classes/:na]
	at com.taskhive.taskhive_backend.service.ReminderService.sendDueDateReminders(ReminderService.java:24) ~[classes/:na]
	at com.taskhive.taskhive_backend.service.ReminderService.sendDueDateReminders(ReminderService.java:24) ~[classes/:na]
	at com.taskhive.taskhive_backend.service.ReminderService.sendDueDateReminders(ReminderService.java:24) ~[classes/:na]
	at com.taskhive.taskhive_backend.service.ReminderService.sendDueDateReminders(ReminderService.java:24) ~[classes/:na]
	at com.taskhive.taskhive_backend.service.ReminderService.sendDueDateReminders(ReminderService.java:24) ~[classes/:na]
	at com.taskhive.taskhive_backend.service.ReminderService.sendDueDateReminders(ReminderService.java:24) ~[classes/:na]
	at com.taskhive.taskhive_backend.service.ReminderService.sendDueDateReminders(ReminderService.java:24) ~[classes/:na]
	at com.taskhive.taskhive_backend.service.ReminderService.sendDueDateReminders(ReminderService.java:24) ~[classes/:na]
	at com.taskhive.taskhive_backend.service.ReminderService.sendDueDateReminders(ReminderService.java:24) ~[classes/:na]
	at com.taskhive.taskhive_backend.service.ReminderService.sendDueDateReminders(ReminderService.java:24) ~[classes/:na]
	at com.taskhive.taskhive_backend.service.ReminderService.sendDueDateReminders(ReminderService.java:24) ~[classes/:na]
	at com.taskhive.taskhive_backend.service.ReminderService.sendDueDateReminders(ReminderService.java:24) ~[classes/:na]
	at com.taskhive.taskhive_backend.service.ReminderService.sendDueDateReminders(ReminderService.java:24) ~[classes/:na]
	at com.taskhive.taskhive_backend.service.ReminderService.sendDueDateReminders(ReminderService.java:24) ~[classes/:na]
	at com.taskhive.taskhive_backend.service.ReminderService.sendDueDateReminders(ReminderService.java:24) ~[classes/:na]
	at com.taskhive.taskhive_backend.service.ReminderService.sendDueDateReminders(ReminderService.java:24) ~[classes/:na]
	at com.taskhive.taskhive_backend.service.ReminderService.sendDueDateReminders(ReminderService.java:24) ~[classes/:na]
	at com.taskhive.taskhive_backend.service.ReminderService.sendDueDateReminders(ReminderService.java:24) ~[classes/:na]
	at com.taskhive.taskhive_backend.service.ReminderService.sendDueDateReminders(ReminderService.java:24) ~[classes/:na]
	at com.taskhive.taskhive_backend.service.ReminderService.sendDueDateReminders(ReminderService.java:24) ~[classes/:na]
	at com.taskhive.taskhive_backend.service.ReminderService.sendDueDateReminders(ReminderService.java:24) ~[classes/:na]
	at com.taskhive.taskhive_backend.service.ReminderService.sendDueDateReminders(ReminderService.java:24) ~[classes/:na]
	at com.taskhive.taskhive_backend.service.ReminderService.sendDueDateReminders(ReminderService.java:24) ~[classes/:na]
	at com.taskhive.taskhive_backend.service.ReminderService.sendDueDateReminders(ReminderService.java:24) ~[classes/:na]
	at com.taskhive.taskhive_backend.service.ReminderService.sendDueDateReminders(ReminderService.java:24) ~[classes/:na]
	at com.taskhive.taskhive_backend.service.ReminderService.sendDueDateReminders(ReminderService.java:24) ~[classes/:na]
	at com.taskhive.taskhive_backend.service.ReminderService.sendDueDateReminders(ReminderService.java:24) ~[classes/:na]
	at com.taskhive.taskhive_backend.service.ReminderService.sendDueDateReminders(ReminderService.java:24) ~[classes/:na]
	at com.taskhive.taskhive_backend.service.ReminderService.sendDueDateReminders(ReminderService.java:24) ~[classes/:na]
	at com.taskhive.taskhive_backend.service.ReminderService.sendDueDateReminders(ReminderService.java:24) ~[classes/:na]
	at com.taskhive.taskhive_backend.service.ReminderService.sendDueDateReminders(ReminderService.java:24) ~[classes/:na]
	at com.taskhive.taskhive_backend.service.ReminderService.sendDueDateReminders(ReminderService.java:24) ~[classes/:na]
	at com.taskhive.taskhive_backend.service.ReminderService.sendDueDateReminders(ReminderService.java:24) ~[classes/:na]
	at com.taskhive.taskhive_backend.service.ReminderService.sendDueDateReminders(ReminderService.java:24) ~[classes/:na]
	at com.taskhive.taskhive_backend.service.ReminderService.sendDueDateReminders(ReminderService.java:24) ~[classes/:na]
	at com.taskhive.taskhive_backend.service.ReminderService.sendDueDateReminders(ReminderService.java:24) ~[classes/:na]
	at com.taskhive.taskhive_backend.service.ReminderService.sendDueDateReminders(ReminderService.java:24) ~[classes/:na]
	at com.taskhive.taskhive_backend.service.ReminderService.sendDueDateReminders(ReminderService.java:24) ~[classes/:na]
	at com.taskhive.taskhive_backend.service.ReminderService.sendDueDateReminders(ReminderService.java:24) ~[classes/:na]
	at com.taskhive.taskhive_backend.service.ReminderService.sendDueDateReminders(ReminderService.java:24) ~[classes/:na]
	at com.taskhive.taskhive_backend.service.ReminderService.sendDueDateReminders(ReminderService.java:24) ~[classes/:na]
	at com.taskhive.taskhive_backend.service.ReminderService.sendDueDateReminders(ReminderService.java:24) ~[classes/:na]
	at com.taskhive.taskhive_backend.service.ReminderService.sendDueDateReminders(ReminderService.java:24) ~[classes/:na]
	at com.taskhive.taskhive_backend.service.ReminderService.sendDueDateReminders(ReminderService.java:24) ~[classes/:na]
	at com.taskhive.taskhive_backend.service.ReminderService.sendDueDateReminders(ReminderService.java:24) ~[classes/:na]
	at com.taskhive.taskhive_backend.service.ReminderService.sendDueDateReminders(ReminderService.java:24) ~[classes/:na]
	at com.taskhive.taskhive_backend.service.ReminderService.sendDueDateReminders(ReminderService.java:24) ~[classes/:na]
	at com.taskhive.taskhive_backend.service.ReminderService.sendDueDateReminders(ReminderService.java:24) ~[classes/:na]
	at com.taskhive.taskhive_backend.service.ReminderService.sendDueDateReminders(ReminderService.java:24) ~[classes/:na]
	at com.taskhive.taskhive_backend.service.ReminderService.sendDueDateReminders(ReminderService.java:24) ~[classes/:na]
	at com.taskhive.taskhive_backend.service.ReminderService.sendDueDateReminders(ReminderService.java:24) ~[classes/:na]
	at com.taskhive.taskhive_backend.service.ReminderService.sendDueDateReminders(ReminderService.java:24) ~[classes/:na]
	at com.taskhive.taskhive_backend.service.ReminderService.sendDueDateReminders(ReminderService.java:24) ~[classes/:na]
	at com.taskhive.taskhive_backend.service.ReminderService.sendDueDateReminders(ReminderService.java:24) ~[classes/:na]
	at com.taskhive.taskhive_backend.service.ReminderService.sendDueDateReminders(ReminderService.java:24) ~[classes/:na]
	at com.taskhive.taskhive_backend.service.ReminderService.sendDueDateReminders(ReminderService.java:24) ~[classes/:na]
	at com.taskhive.taskhive_backend.service.ReminderService.sendDueDateReminders(ReminderService.java:24) ~[classes/:na]
	at com.taskhive.taskhive_backend.service.ReminderService.sendDueDateReminders(ReminderService.java:24) ~[classes/:na]
	at com.taskhive.taskhive_backend.service.ReminderService.sendDueDateReminders(ReminderService.java:24) ~[classes/:na]
	at com.taskhive.taskhive_backend.service.ReminderService.sendDueDateReminders(ReminderService.java:24) ~[classes/:na]
	at com.taskhive.taskhive_backend.service.ReminderService.sendDueDateReminders(ReminderService.java:24) ~[classes/:na]
	at com.taskhive.taskhive_backend.service.ReminderService.sendDueDateReminders(ReminderService.java:24) ~[classes/:na]
	at com.taskhive.taskhive_backend.service.ReminderService.sendDueDateReminders(ReminderService.java:24) ~[classes/:na]
	at com.taskhive.taskhive_backend.service.ReminderService.sendDueDateReminders(ReminderService.java:24) ~[classes/:na]
	at com.taskhive.taskhive_backend.service.ReminderService.sendDueDateReminders(ReminderService.java:24) ~[classes/:na]
	at com.taskhive.taskhive_backend.service.ReminderService.sendDueDateReminders(ReminderService.java:24) ~[classes/:na]
	at com.taskhive.taskhive_backend.service.ReminderService.sendDueDateReminders(ReminderService.java:24) ~[classes/:na]
	at com.taskhive.taskhive_backend.service.ReminderService.sendDueDateReminders(ReminderService.java:24) ~[classes/:na]
	at com.taskhive.taskhive_backend.service.ReminderService.sendDueDateReminders(ReminderService.java:24) ~[classes/:na]
	at com.taskhive.taskhive_backend.service.ReminderService.sendDueDateReminders(ReminderService.java:24) ~[classes/:na]
	at com.taskhive.taskhive_backend.service.ReminderService.sendDueDateReminders(ReminderService.java:24) ~[classes/:na]
	at com.taskhive.taskhive_backend.service.ReminderService.sendDueDateReminders(ReminderService.java:24) ~[classes/:na]
	at com.taskhive.taskhive_backend.service.ReminderService.sendDueDateReminders(ReminderService.java:24) ~[classes/:na]
	at com.taskhive.taskhive_backend.service.ReminderService.sendDueDateReminders(ReminderService.java:24) ~[classes/:na]
	at com.taskhive.taskhive_backend.service.ReminderService.sendDueDateReminders(ReminderService.java:24) ~[classes/:na]
	at com.taskhive.taskhive_backend.service.ReminderService.sendDueDateReminders(ReminderService.java:24) ~[classes/:na]
	at com.taskhive.taskhive_backend.service.ReminderService.sendDueDateReminders(ReminderService.java:24) ~[classes/:na]
	at com.taskhive.taskhive_backend.service.ReminderService.sendDueDateReminders(ReminderService.java:24) ~[classes/:na]
	at com.taskhive.taskhive_backend.service.ReminderService.sendDueDateReminders(ReminderService.java:24) ~[classes/:na]
	at com.taskhive.taskhive_backend.service.ReminderService.sendDueDateReminders(ReminderService.java:24) ~[classes/:na]
	at com.taskhive.taskhive_backend.service.ReminderService.sendDueDateReminders(ReminderService.java:24) ~[classes/:na]
	at com.taskhive.taskhive_backend.service.ReminderService.sendDueDateReminders(ReminderService.java:24) ~[classes/:na]
	at com.taskhive.taskhive_backend.service.ReminderService.sendDueDateReminders(ReminderService.java:24) ~[classes/:na]
	at com.taskhive.taskhive_backend.service.ReminderService.sendDueDateReminders(ReminderService.java:24) ~[classes/:na]
	at com.taskhive.taskhive_backend.service.ReminderService.sendDueDateReminders(ReminderService.java:24) ~[classes/:na]
	at com.taskhive.taskhive_backend.service.ReminderService.sendDueDateReminders(ReminderService.java:24) ~[classes/:na]
	at com.taskhive.taskhive_backend.service.ReminderService.sendDueDateReminders(ReminderService.java:24) ~[classes/:na]
	at com.taskhive.taskhive_backend.service.ReminderService.sendDueDateReminders(ReminderService.java:24) ~[classes/:na]
	at com.taskhive.taskhive_backend.service.ReminderService.sendDueDateReminders(ReminderService.java:24) ~[classes/:na]
	at com.taskhive.taskhive_backend.service.ReminderService.sendDueDateReminders(ReminderService.java:24) ~[classes/:na]
	at com.taskhive.taskhive_backend.service.ReminderService.sendDueDateReminders(ReminderService.java:24) ~[classes/:na]
	at com.taskhive.taskhive_backend.service.ReminderService.sendDueDateReminders(ReminderService.java:24) ~[classes/:na]
	at com.taskhive.taskhive_backend.service.ReminderService.sendDueDateReminders(ReminderService.java:24) ~[classes/:na]
	at com.taskhive.taskhive_backend.service.ReminderService.sendDueDateReminders(ReminderService.java:24) ~[classes/:na]
	at com.taskhive.taskhive_backend.service.ReminderService.sendDueDateReminders(ReminderService.java:24) ~[classes/:na]
	at com.taskhive.taskhive_backend.service.ReminderService.sendDueDateReminders(ReminderService.java:24) ~[classes/:na]
	at com.taskhive.taskhive_backend.service.ReminderService.sendDueDateReminders(ReminderService.java:24) ~[classes/:na]
	at com.taskhive.taskhive_backend.service.ReminderService.sendDueDateReminders(ReminderService.java:24) ~[classes/:na]
	at com.taskhive.taskhive_backend.service.ReminderService.sendDueDateReminders(ReminderService.java:24) ~[classes/:na]
	at com.taskhive.taskhive_backend.service.ReminderService.sendDueDateReminders(ReminderService.java:24) ~[classes/:na]
	at com.taskhive.taskhive_backend.service.ReminderService.sendDueDateReminders(ReminderService.java:24) ~[classes/:na]
	at com.taskhive.taskhive_backend.service.ReminderService.sendDueDateReminders(ReminderService.java:24) ~[classes/:na]
	at com.taskhive.taskhive_backend.service.ReminderService.sendDueDateReminders(ReminderService.java:24) ~[classes/:na]
	at com.taskhive.taskhive_backend.service.ReminderService.sendDueDateReminders(ReminderService.java:24) ~[classes/:na]
	at com.taskhive.taskhive_backend.service.ReminderService.sendDueDateReminders(ReminderService.java:24) ~[classes/:na]
	at com.taskhive.taskhive_backend.service.ReminderService.sendDueDateReminders(ReminderService.java:24) ~[classes/:na]
	at com.taskhive.taskhive_backend.service.ReminderService.sendDueDateReminders(ReminderService.java:24) ~[classes/:na]
	at com.taskhive.taskhive_backend.service.ReminderService.sendDueDateReminders(ReminderService.java:24) ~[classes/:na]
	at com.taskhive.taskhive_backend.service.ReminderService.sendDueDateReminders(ReminderService.java:24) ~[classes/:na]
	at com.taskhive.taskhive_backend.service.ReminderService.sendDueDateReminders(ReminderService.java:24) ~[classes/:na]
	at com.taskhive.taskhive_backend.service.ReminderService.sendDueDateReminders(ReminderService.java:24) ~[classes/:na]
	at com.taskhive.taskhive_backend.service.ReminderService.sendDueDateReminders(ReminderService.java:24) ~[classes/:na]
	at com.taskhive.taskhive_backend.service.ReminderService.sendDueDateReminders(ReminderService.java:24) ~[classes/:na]
	at com.taskhive.taskhive_backend.service.ReminderService.sendDueDateReminders(ReminderService.java:24) ~[classes/:na]
	at com.taskhive.taskhive_backend.service.ReminderService.sendDueDateReminders(ReminderService.java:24) ~[classes/:na]
	at com.taskhive.taskhive_backend.service.ReminderService.sendDueDateReminders(ReminderService.java:24) ~[classes/:na]
	at com.taskhive.taskhive_backend.service.ReminderService.sendDueDateReminders(ReminderService.java:24) ~[classes/:na]
	at com.taskhive.taskhive_backend.service.ReminderService.sendDueDateReminders(ReminderService.java:24) ~[classes/:na]
	at com.taskhive.taskhive_backend.service.ReminderService.sendDueDateReminders(ReminderService.java:24) ~[classes/:na]
	at com.taskhive.taskhive_backend.service.ReminderService.sendDueDateReminders(ReminderService.java:24) ~[classes/:na]
	at com.taskhive.taskhive_backend.service.ReminderService.sendDueDateReminders(ReminderService.java:24) ~[classes/:na]
	at com.taskhive.taskhive_backend.service.ReminderService.sendDueDateReminders(ReminderService.java:24) ~[classes/:na]
	at com.taskhive.taskhive_backend.service.ReminderService.sendDueDateReminders(ReminderService.java:24) ~[classes/:na]
	at com.taskhive.taskhive_backend.service.ReminderService.sendDueDateReminders(ReminderService.java:24) ~[classes/:na]
	at com.taskhive.taskhive_backend.service.ReminderService.sendDueDateReminders(ReminderService.java:24) ~[classes/:na]
	at com.taskhive.taskhive_backend.service.ReminderService.sendDueDateReminders(ReminderService.java:24) ~[classes/:na]
	at com.taskhive.taskhive_backend.service.ReminderService.sendDueDateReminders(ReminderService.java:24) ~[classes/:na]
	at com.taskhive.taskhive_backend.service.ReminderService.sendDueDateReminders(ReminderService.java:24) ~[classes/:na]
	at com.taskhive.taskhive_backend.service.ReminderService.sendDueDateReminders(ReminderService.java:24) ~[classes/:na]
	at com.taskhive.taskhive_backend.service.ReminderService.sendDueDateReminders(ReminderService.java:24) ~[classes/:na]
	at com.taskhive.taskhive_backend.service.ReminderService.sendDueDateReminders(ReminderService.java:24) ~[classes/:na]
	at com.taskhive.taskhive_backend.service.ReminderService.sendDueDateReminders(ReminderService.java:24) ~[classes/:na]
	at com.taskhive.taskhive_backend.service.ReminderService.sendDueDateReminders(ReminderService.java:24) ~[classes/:na]
	at com.taskhive.taskhive_backend.service.ReminderService.sendDueDateReminders(ReminderService.java:24) ~[classes/:na]
	at com.taskhive.taskhive_backend.service.ReminderService.sendDueDateReminders(ReminderService.java:24) ~[classes/:na]
	at com.taskhive.taskhive_backend.service.ReminderService.sendDueDateReminders(ReminderService.java:24) ~[classes/:na]
	at com.taskhive.taskhive_backend.service.ReminderService.sendDueDateReminders(ReminderService.java:24) ~[classes/:na]
	at com.taskhive.taskhive_backend.service.ReminderService.sendDueDateReminders(ReminderService.java:24) ~[classes/:na]
	at com.taskhive.taskhive_backend.service.ReminderService.sendDueDateReminders(ReminderService.java:24) ~[classes/:na]
	at com.taskhive.taskhive_backend.service.ReminderService.sendDueDateReminders(ReminderService.java:24) ~[classes/:na]
	at com.taskhive.taskhive_backend.service.ReminderService.sendDueDateReminders(ReminderService.java:24) ~[classes/:na]
	at com.taskhive.taskhive_backend.service.ReminderService.sendDueDateReminders(ReminderService.java:24) ~[classes/:na]
	at com.taskhive.taskhive_backend.service.ReminderService.sendDueDateReminders(ReminderService.java:24) ~[classes/:na]
	at com.taskhive.taskhive_backend.service.ReminderService.sendDueDateReminders(ReminderService.java:24) ~[classes/:na]
	at com.taskhive.taskhive_backend.service.ReminderService.sendDueDateReminders(ReminderService.java:24) ~[classes/:na]
	at com.taskhive.taskhive_backend.service.ReminderService.sendDueDateReminders(ReminderService.java:24) ~[classes/:na]
	at com.taskhive.taskhive_backend.service.ReminderService.sendDueDateReminders(ReminderService.java:24) ~[classes/:na]
	at com.taskhive.taskhive_backend.service.ReminderService.sendDueDateReminders(ReminderService.java:24) ~[classes/:na]
	at com.taskhive.taskhive_backend.service.ReminderService.sendDueDateReminders(ReminderService.java:24) ~[classes/:na]
	at com.taskhive.taskhive_backend.service.ReminderService.sendDueDateReminders(ReminderService.java:24) ~[classes/:na]
	at com.taskhive.taskhive_backend.service.ReminderService.sendDueDateReminders(ReminderService.java:24) ~[classes/:na]
	at com.taskhive.taskhive_backend.service.ReminderService.sendDueDateReminders(ReminderService.java:24) ~[classes/:na]
	at com.taskhive.taskhive_backend.service.ReminderService.sendDueDateReminders(ReminderService.java:24) ~[classes/:na]
	at com.taskhive.taskhive_backend.service.ReminderService.sendDueDateReminders(ReminderService.java:24) ~[classes/:na]
	at com.taskhive.taskhive_backend.service.ReminderService.sendDueDateReminders(ReminderService.java:24) ~[classes/:na]
	at com.taskhive.taskhive_backend.service.ReminderService.sendDueDateReminders(ReminderService.java:24) ~[classes/:na]
	at com.taskhive.taskhive_backend.service.ReminderService.sendDueDateReminders(ReminderService.java:24) ~[classes/:na]
	at com.taskhive.taskhive_backend.service.ReminderService.sendDueDateReminders(ReminderService.java:24) ~[classes/:na]
	at com.taskhive.taskhive_backend.service.ReminderService.sendDueDateReminders(ReminderService.java:24) ~[classes/:na]
	at com.taskhive.taskhive_backend.service.ReminderService.sendDueDateReminders(ReminderService.java:24) ~[classes/:na]
	at com.taskhive.taskhive_backend.service.ReminderService.sendDueDateReminders(ReminderService.java:24) ~[classes/:na]
	at com.taskhive.taskhive_backend.service.ReminderService.sendDueDateReminders(ReminderService.java:24) ~[classes/:na]
	at com.taskhive.taskhive_backend.service.ReminderService.sendDueDateReminders(ReminderService.java:24) ~[classes/:na]
	at com.taskhive.taskhive_backend.service.ReminderService.sendDueDateReminders(ReminderService.java:24) ~[classes/:na]
	at com.taskhive.taskhive_backend.service.ReminderService.sendDueDateReminders(ReminderService.java:24) ~[classes/:na]
	at com.taskhive.taskhive_backend.service.ReminderService.sendDueDateReminders(ReminderService.java:24) ~[classes/:na]
	at com.taskhive.taskhive_backend.service.ReminderService.sendDueDateReminders(ReminderService.java:24) ~[classes/:na]
	at com.taskhive.taskhive_backend.service.ReminderService.sendDueDateReminders(ReminderService.java:24) ~[classes/:na]
	at com.taskhive.taskhive_backend.service.ReminderService.sendDueDateReminders(ReminderService.java:24) ~[classes/:na]
	at com.taskhive.taskhive_backend.service.ReminderService.sendDueDateReminders(ReminderService.java:24) ~[classes/:na]
	at com.taskhive.taskhive_backend.service.ReminderService.sendDueDateReminders(ReminderService.java:24) ~[classes/:na]
	at com.taskhive.taskhive_backend.service.ReminderService.sendDueDateReminders(ReminderService.java:24) ~[classes/:na]
	at com.taskhive.taskhive_backend.service.ReminderService.sendDueDateReminders(ReminderService.java:24) ~[classes/:na]
	at com.taskhive.taskhive_backend.service.ReminderService.sendDueDateReminders(ReminderService.java:24) ~[classes/:na]
	at com.taskhive.taskhive_backend.service.ReminderService.sendDueDateReminders(ReminderService.java:24) ~[classes/:na]
	at com.taskhive.taskhive_backend.service.ReminderService.sendDueDateReminders(ReminderService.java:24) ~[classes/:na]
	at com.taskhive.taskhive_backend.service.ReminderService.sendDueDateReminders(ReminderService.java:24) ~[classes/:na]
	at com.taskhive.taskhive_backend.service.ReminderService.sendDueDateReminders(ReminderService.java:24) ~[classes/:na]
	at com.taskhive.taskhive_backend.service.ReminderService.sendDueDateReminders(ReminderService.java:24) ~[classes/:na]
	at com.taskhive.taskhive_backend.service.ReminderService.sendDueDateReminders(ReminderService.java:24) ~[classes/:na]
	at com.taskhive.taskhive_backend.service.ReminderService.sendDueDateReminders(ReminderService.java:24) ~[classes/:na]
	at com.taskhive.taskhive_backend.service.ReminderService.sendDueDateReminders(ReminderService.java:24) ~[classes/:na]
	at com.taskhive.taskhive_backend.service.ReminderService.sendDueDateReminders(ReminderService.java:24) ~[classes/:na]
	at com.taskhive.taskhive_backend.service.ReminderService.sendDueDateReminders(ReminderService.java:24) ~[classes/:na]
	at com.taskhive.taskhive_backend.service.ReminderService.sendDueDateReminders(ReminderService.java:24) ~[classes/:na]
	at com.taskhive.taskhive_backend.service.ReminderService.sendDueDateReminders(ReminderService.java:24) ~[classes/:na]
	at com.taskhive.taskhive_backend.service.ReminderService.sendDueDateReminders(ReminderService.java:24) ~[classes/:na]
	at com.taskhive.taskhive_backend.service.ReminderService.sendDueDateReminders(ReminderService.java:24) ~[classes/:na]
	at com.taskhive.taskhive_backend.service.ReminderService.sendDueDateReminders(ReminderService.java:24) ~[classes/:na]
	at com.taskhive.taskhive_backend.service.ReminderService.sendDueDateReminders(ReminderService.java:24) ~[classes/:na]
	at com.taskhive.taskhive_backend.service.ReminderService.sendDueDateReminders(ReminderService.java:24) ~[classes/:na]
	at com.taskhive.taskhive_backend.service.ReminderService.sendDueDateReminders(ReminderService.java:24) ~[classes/:na]
	at com.taskhive.taskhive_backend.service.ReminderService.sendDueDateReminders(ReminderService.java:24) ~[classes/:na]
	at com.taskhive.taskhive_backend.service.ReminderService.sendDueDateReminders(ReminderService.java:24) ~[classes/:na]
	at com.taskhive.taskhive_backend.service.ReminderService.sendDueDateReminders(ReminderService.java:24) ~[classes/:na]
	at com.taskhive.taskhive_backend.service.ReminderService.sendDueDateReminders(ReminderService.java:24) ~[classes/:na]
	at com.taskhive.taskhive_backend.service.ReminderService.sendDueDateReminders(ReminderService.java:24) ~[classes/:na]
	at com.taskhive.taskhive_backend.service.ReminderService.sendDueDateReminders(ReminderService.java:24) ~[classes/:na]
	at com.taskhive.taskhive_backend.service.ReminderService.sendDueDateReminders(ReminderService.java:24) ~[classes/:na]
	at com.taskhive.taskhive_backend.service.ReminderService.sendDueDateReminders(ReminderService.java:24) ~[classes/:na]
	at com.taskhive.taskhive_backend.service.ReminderService.sendDueDateReminders(ReminderService.java:24) ~[classes/:na]
	at com.taskhive.taskhive_backend.service.ReminderService.sendDueDateReminders(ReminderService.java:24) ~[classes/:na]
	at com.taskhive.taskhive_backend.service.ReminderService.sendDueDateReminders(ReminderService.java:24) ~[classes/:na]
	at com.taskhive.taskhive_backend.service.ReminderService.sendDueDateReminders(ReminderService.java:24) ~[classes/:na]
	at com.taskhive.taskhive_backend.service.ReminderService.sendDueDateReminders(ReminderService.java:24) ~[classes/:na]
	at com.taskhive.taskhive_backend.service.ReminderService.sendDueDateReminders(ReminderService.java:24) ~[classes/:na]
	at com.taskhive.taskhive_backend.service.ReminderService.sendDueDateReminders(ReminderService.java:24) ~[classes/:na]
	at com.taskhive.taskhive_backend.service.ReminderService.sendDueDateReminders(ReminderService.java:24) ~[classes/:na]
	at com.taskhive.taskhive_backend.service.ReminderService.sendDueDateReminders(ReminderService.java:24) ~[classes/:na]
	at com.taskhive.taskhive_backend.service.ReminderService.sendDueDateReminders(ReminderService.java:24) ~[classes/:na]
	at com.taskhive.taskhive_backend.service.ReminderService.sendDueDateReminders(ReminderService.java:24) ~[classes/:na]
	at com.taskhive.taskhive_backend.service.ReminderService.sendDueDateReminders(ReminderService.java:24) ~[classes/:na]
	at com.taskhive.taskhive_backend.service.ReminderService.sendDueDateReminders(ReminderService.java:24) ~[classes/:na]
	at com.taskhive.taskhive_backend.service.ReminderService.sendDueDateReminders(ReminderService.java:24) ~[classes/:na]
	at com.taskhive.taskhive_backend.service.ReminderService.sendDueDateReminders(ReminderService.java:24) ~[classes/:na]
	at com.taskhive.taskhive_backend.service.ReminderService.sendDueDateReminders(ReminderService.java:24) ~[classes/:na]
	at com.taskhive.taskhive_backend.service.ReminderService.sendDueDateReminders(ReminderService.java:24) ~[classes/:na]
	at com.taskhive.taskhive_backend.service.ReminderService.sendDueDateReminders(ReminderService.java:24) ~[classes/:na]
	at com.taskhive.taskhive_backend.service.ReminderService.sendDueDateReminders(ReminderService.java:24) ~[classes/:na]
	at com.taskhive.taskhive_backend.service.ReminderService.sendDueDateReminders(ReminderService.java:24) ~[classes/:na]
	at com.taskhive.taskhive_backend.service.ReminderService.sendDueDateReminders(ReminderService.java:24) ~[classes/:na]
	at com.taskhive.taskhive_backend.service.ReminderService.sendDueDateReminders(ReminderService.java:24) ~[classes/:na]
	at com.taskhive.taskhive_backend.service.ReminderService.sendDueDateReminders(ReminderService.java:24) ~[classes/:na]
	at com.taskhive.taskhive_backend.service.ReminderService.sendDueDateReminders(ReminderService.java:24) ~[classes/:na]
	at com.taskhive.taskhive_backend.service.ReminderService.sendDueDateReminders(ReminderService.java:24) ~[classes/:na]
	at com.taskhive.taskhive_backend.service.ReminderService.sendDueDateReminders(ReminderService.java:24) ~[classes/:na]
	at com.taskhive.taskhive_backend.service.ReminderService.sendDueDateReminders(ReminderService.java:24) ~[classes/:na]
	at com.taskhive.taskhive_backend.service.ReminderService.sendDueDateReminders(ReminderService.java:24) ~[classes/:na]
	at com.taskhive.taskhive_backend.service.ReminderService.sendDueDateReminders(ReminderService.java:24) ~[classes/:na]
	at com.taskhive.taskhive_backend.service.ReminderService.sendDueDateReminders(ReminderService.java:24) ~[classes/:na]
	at com.taskhive.taskhive_backend.service.ReminderService.sendDueDateReminders(ReminderService.java:24) ~[classes/:na]
	at com.taskhive.taskhive_backend.service.ReminderService.sendDueDateReminders(ReminderService.java:24) ~[classes/:na]
	at com.taskhive.taskhive_backend.service.ReminderService.sendDueDateReminders(ReminderService.java:24) ~[classes/:na]
[...]
	at com.taskhive.taskhive_backend.service.ReminderService.sendDueDateReminders(ReminderService.java:24) ~[classes/:na]
	at com.taskhive.taskhive_backend.service.ReminderService.sendDueDateReminders(ReminderService.java:24) ~[classes/:na]
	at com.taskhive.taskhive_backend.service.ReminderService.sendDueDateReminders(ReminderService.java:24) ~[classes/:na]
	at com.taskhive.taskhive_backend.service.ReminderService.sendDueDateReminders(ReminderService.java:24) ~[classes/:na]
	at com.taskhive.taskhive_backend.service.ReminderService.sendDueDateReminders(ReminderService.java:24) ~[classes/:na]
	at com.taskhive.taskhive_backend.service.ReminderService.sendDueDateReminders(ReminderService.java:24) ~[classes/:na]
	at com.taskhive.taskhive_backend.service.ReminderService.sendDueDateReminders(ReminderService.java:24) ~[classes/:na]
	at com.taskhive.taskhive_backend.service.ReminderService.sendDueDateReminders(ReminderService.java:24) ~[classes/:na]
	at com.taskhive.taskhive_backend.service.ReminderService.sendDueDateReminders(ReminderService.java:24) ~[classes/:na]
	at com.taskhive.taskhive_backend.service.ReminderService.sendDueDateReminders(ReminderService.java:24) ~[classes/:na]
	at com.taskhive.taskhive_backend.service.ReminderService.sendDueDateReminders(ReminderService.java:24) ~[classes/:na]
	at com.taskhive.taskhive_backend.service.ReminderService.sendDueDateReminders(ReminderService.java:24) ~[classes/:na]
	at com.taskhive.taskhive_backend.service.ReminderService.sendDueDateReminders(ReminderService.java:24) ~[classes/:na]
	at com.taskhive.taskhive_backend.service.ReminderService.sendDueDateReminders(ReminderService.java:24) ~[classes/:na]
	at com.taskhive.taskhive_backend.service.ReminderService.sendDueDateReminders(ReminderService.java:24) ~[classes/:na]
	at com.taskhive.taskhive_backend.service.ReminderService.sendDueDateReminders(ReminderService.java:24) ~[classes/:na]
	at com.taskhive.taskhive_backend.service.ReminderService.sendDueDateReminders(ReminderService.java:24) ~[classes/:na]
	at com.taskhive.taskhive_backend.service.ReminderService.sendDueDateReminders(ReminderService.java:24) ~[classes/:na]
	at com.taskhive.taskhive_backend.service.ReminderService.sendDueDateReminders(ReminderService.java:24) ~[classes/:na]
	at com.taskhive.taskhive_backend.service.ReminderService.sendDueDateReminders(ReminderService.java:24) ~[classes/:na]
	at com.taskhive.taskhive_backend.service.ReminderService.sendDueDateReminders(ReminderService.java:24) ~[classes/:na]
	at com.taskhive.taskhive_backend.service.ReminderService.sendDueDateReminders(ReminderService.java:24) ~[classes/:na]
	at com.taskhive.taskhive_backend.service.ReminderService.sendDueDateReminders(ReminderService.java:24) ~[classes/:na]
	at com.taskhive.taskhive_backend.service.ReminderService.sendDueDateReminders(ReminderService.java:24) ~[classes/:na]
	at com.taskhive.taskhive_backend.service.ReminderService.sendDueDateReminders(ReminderService.java:24) ~[classes/:na]
	at com.taskhive.taskhive_backend.service.ReminderService.sendDueDateReminders(ReminderService.java:24) ~[classes/:na]
	at com.taskhive.taskhive_backend.service.ReminderService.sendDueDateReminders(ReminderService.java:24) ~[classes/:na]
	at com.taskhive.taskhive_backend.service.ReminderService.sendDueDateReminders(ReminderService.java:24) ~[classes/:na]
	at com.taskhive.taskhive_backend.service.ReminderService.sendDueDateReminders(ReminderService.java:24) ~[classes/:na]
	at com.taskhive.taskhive_backend.service.ReminderService.sendDueDateReminders(ReminderService.java:24) ~[classes/:na]
	at com.taskhive.taskhive_backend.service.ReminderService.sendDueDateReminders(ReminderService.java:24) ~[classes/:na]
	at com.taskhive.taskhive_backend.service.ReminderService.sendDueDateReminders(ReminderService.java:24) ~[classes/:na]
	at com.taskhive.taskhive_backend.service.ReminderService.sendDueDateReminders(ReminderService.java:24) ~[classes/:na]
	at com.taskhive.taskhive_backend.service.ReminderService.sendDueDateReminders(ReminderService.java:24) ~[classes/:na]
	at com.taskhive.taskhive_backend.service.ReminderService.sendDueDateReminders(ReminderService.java:24) ~[classes/:na]
	at com.taskhive.taskhive_backend.service.ReminderService.sendDueDateReminders(ReminderService.java:24) ~[classes/:na]
	at com.taskhive.taskhive_backend.service.ReminderService.sendDueDateReminders(ReminderService.java:24) ~[classes/:na]
	at com.taskhive.taskhive_backend.service.ReminderService.sendDueDateReminders(ReminderService.java:24) ~[classes/:na]
	at com.taskhive.taskhive_backend.service.ReminderService.sendDueDateReminders(ReminderService.java:24) ~[classes/:na]
	at com.taskhive.taskhive_backend.service.ReminderService.sendDueDateReminders(ReminderService.java:24) ~[classes/:na]
	at com.taskhive.taskhive_backend.service.ReminderService.sendDueDateReminders(ReminderService.java:24) ~[classes/:na]
	at com.taskhive.taskhive_backend.service.ReminderService.sendDueDateReminders(ReminderService.java:24) ~[classes/:na]
	at com.taskhive.taskhive_backend.service.ReminderService.sendDueDateReminders(ReminderService.java:24) ~[classes/:na]
	at com.taskhive.taskhive_backend.service.ReminderService.sendDueDateReminders(ReminderService.java:24) ~[classes/:na]
	at com.taskhive.taskhive_backend.service.ReminderService.sendDueDateReminders(ReminderService.java:24) ~[classes/:na]
	at com.taskhive.taskhive_backend.service.ReminderService.sendDueDateReminders(ReminderService.java:24) ~[classes/:na]
	at com.taskhive.taskhive_backend.service.ReminderService.sendDueDateReminders(ReminderService.java:24) ~[classes/:na]
	at com.taskhive.taskhive_backend.service.ReminderService.sendDueDateReminders(ReminderService.java:24) ~[classes/:na]
	at com.taskhive.taskhive_backend.service.ReminderService.sendDueDateReminders(ReminderService.java:24) ~[classes/:na]
	at com.taskhive.taskhive_backend.service.ReminderService.sendDueDateReminders(ReminderService.java:24) ~[classes/:na]
	at com.taskhive.taskhive_backend.service.ReminderService.sendDueDateReminders(ReminderService.java:24) ~[classes/:na]
	at com.taskhive.taskhive_backend.service.ReminderService.sendDueDateReminders(ReminderService.java:24) ~[classes/:na]
	at com.taskhive.taskhive_backend.service.ReminderService.sendDueDateReminders(ReminderService.java:24) ~[classes/:na]
	at com.taskhive.taskhive_backend.service.ReminderService.sendDueDateReminders(ReminderService.java:24) ~[classes/:na]
	at com.taskhive.taskhive_backend.service.ReminderService.sendDueDateReminders(ReminderService.java:24) ~[classes/:na]
	at com.taskhive.taskhive_backend.service.ReminderService.sendDueDateReminders(ReminderService.java:24) ~[classes/:na]
	at com.taskhive.taskhive_backend.service.ReminderService.sendDueDateReminders(ReminderService.java:24) ~[classes/:na]
	at com.taskhive.taskhive_backend.service.ReminderService.sendDueDateReminders(ReminderService.java:24) ~[classes/:na]
	at com.taskhive.taskhive_backend.service.ReminderService.sendDueDateReminders(ReminderService.java:24) ~[classes/:na]
	at com.taskhive.taskhive_backend.service.ReminderService.sendDueDateReminders(ReminderService.java:24) ~[classes/:na]
	at com.taskhive.taskhive_backend.service.ReminderService.sendDueDateReminders(ReminderService.java:24) ~[classes/:na]
	at com.taskhive.taskhive_backend.service.ReminderService.sendDueDateReminders(ReminderService.java:24) ~[classes/:na]
	at com.taskhive.taskhive_backend.service.ReminderService.sendDueDateReminders(ReminderService.java:24) ~[classes/:na]
	at com.taskhive.taskhive_backend.service.ReminderService.sendDueDateReminders(ReminderService.java:24) ~[classes/:na]
	at com.taskhive.taskhive_backend.service.ReminderService.sendDueDateReminders(ReminderService.java:24) ~[classes/:na]
	at com.taskhive.taskhive_backend.service.ReminderService.sendDueDateReminders(ReminderService.java:24) ~[classes/:na]
	at com.taskhive.taskhive_backend.service.ReminderService.sendDueDateReminders(ReminderService.java:24) ~[classes/:na]
	at com.taskhive.taskhive_backend.service.ReminderService.sendDueDateReminders(ReminderService.java:24) ~[classes/:na]
	at com.taskhive.taskhive_backend.service.ReminderService.sendDueDateReminders(ReminderService.java:24) ~[classes/:na]
	at com.taskhive.taskhive_backend.service.ReminderService.sendDueDateReminders(ReminderService.java:24) ~[classes/:na]
	at com.taskhive.taskhive_backend.service.ReminderService.sendDueDateReminders(ReminderService.java:24) ~[classes/:na]
	at com.taskhive.taskhive_backend.service.ReminderService.sendDueDateReminders(ReminderService.java:24) ~[classes/:na]
	at com.taskhive.taskhive_backend.service.ReminderService.sendDueDateReminders(ReminderService.java:24) ~[classes/:na]
	at com.taskhive.taskhive_backend.service.ReminderService.sendDueDateReminders(ReminderService.java:24) ~[classes/:na]
	at com.taskhive.taskhive_backend.service.ReminderService.sendDueDateReminders(ReminderService.java:24) ~[classes/:na]
	at com.taskhive.taskhive_backend.service.ReminderService.sendDueDateReminders(ReminderService.java:24) ~[classes/:na]
	at com.taskhive.taskhive_backend.service.ReminderService.sendDueDateReminders(ReminderService.java:24) ~[classes/:na]
	at com.taskhive.taskhive_backend.service.ReminderService.sendDueDateReminders(ReminderService.java:24) ~[classes/:na]
	at com.taskhive.taskhive_backend.service.ReminderService.sendDueDateReminders(ReminderService.java:24) ~[classes/:na]
	at com.taskhive.taskhive_backend.service.ReminderService.sendDueDateReminders(ReminderService.java:24) ~[classes/:na]
	at com.taskhive.taskhive_backend.service.ReminderService.sendDueDateReminders(ReminderService.java:24) ~[classes/:na]
	at com.taskhive.taskhive_backend.service.ReminderService.sendDueDateReminders(ReminderService.java:24) ~[classes/:na]
	at com.taskhive.taskhive_backend.service.ReminderService.sendDueDateReminders(ReminderService.java:24) ~[classes/:na]
	at com.taskhive.taskhive_backend.service.ReminderService.sendDueDateReminders(ReminderService.java:24) ~[classes/:na]
	at com.taskhive.taskhive_backend.service.ReminderService.sendDueDateReminders(ReminderService.java:24) ~[classes/:na]
	at com.taskhive.taskhive_backend.service.ReminderService.sendDueDateReminders(ReminderService.java:24) ~[classes/:na]
	at com.taskhive.taskhive_backend.service.ReminderService.sendDueDateReminders(ReminderService.java:24) ~[classes/:na]
	at com.taskhive.taskhive_backend.service.ReminderService.sendDueDateReminders(ReminderService.java:24) ~[classes/:na]
	at com.taskhive.taskhive_backend.service.ReminderService.sendDueDateReminders(ReminderService.java:24) ~[classes/:na]
	at com.taskhive.taskhive_backend.service.ReminderService.sendDueDateReminders(ReminderService.java:24) ~[classes/:na]
	at com.taskhive.taskhive_backend.service.ReminderService.sendDueDateReminders(ReminderService.java:24) ~[classes/:na]
	at com.taskhive.taskhive_backend.service.ReminderService.sendDueDateReminders(ReminderService.java:24) ~[classes/:na]
	at com.taskhive.taskhive_backend.service.ReminderService.sendDueDateReminders(ReminderService.java:24) ~[classes/:na]
	at com.taskhive.taskhive_backend.service.ReminderService.sendDueDateReminders(ReminderService.java:24) ~[classes/:na]
	at com.taskhive.taskhive_backend.service.ReminderService.sendDueDateReminders(ReminderService.java:24) ~[classes/:na]
	at com.taskhive.taskhive_backend.service.ReminderService.sendDueDateReminders(ReminderService.java:24) ~[classes/:na]
	at com.taskhive.taskhive_backend.service.ReminderService.sendDueDateReminders(ReminderService.java:24) ~[classes/:na]
	at com.taskhive.taskhive_backend.service.ReminderService.sendDueDateReminders(ReminderService.java:24) ~[classes/:na]
	at com.taskhive.taskhive_backend.service.ReminderService.sendDueDateReminders(ReminderService.java:24) ~[classes/:na]
	at com.taskhive.taskhive_backend.service.ReminderService.sendDueDateReminders(ReminderService.java:24) ~[classes/:na]
	at com.taskhive.taskhive_backend.service.ReminderService.sendDueDateReminders(ReminderService.java:24) ~[classes/:na]
	at com.taskhive.taskhive_backend.service.ReminderService.sendDueDateReminders(ReminderService.java:24) ~[classes/:na]
	at com.taskhive.taskhive_backend.service.ReminderService.sendDueDateReminders(ReminderService.java:24) ~[classes/:na]
	at com.taskhive.taskhive_backend.service.ReminderService.sendDueDateReminders(ReminderService.java:24) ~[classes/:na]
	at com.taskhive.taskhive_backend.service.ReminderService.sendDueDateReminders(ReminderService.java:24) ~[classes/:na]
	at com.taskhive.taskhive_backend.service.ReminderService.sendDueDateReminders(ReminderService.java:24) ~[classes/:na]
	at com.taskhive.taskhive_backend.service.ReminderService.sendDueDateReminders(ReminderService.java:24) ~[classes/:na]
	at com.taskhive.taskhive_backend.service.ReminderService.sendDueDateReminders(ReminderService.java:24) ~[classes/:na]
	at com.taskhive.taskhive_backend.service.ReminderService.sendDueDateReminders(ReminderService.java:24) ~[classes/:na]
	at com.taskhive.taskhive_backend.service.ReminderService.sendDueDateReminders(ReminderService.java:24) ~[classes/:na]
	at com.taskhive.taskhive_backend.service.ReminderService.sendDueDateReminders(ReminderService.java:24) ~[classes/:na]
	at com.taskhive.taskhive_backend.service.ReminderService.sendDueDateReminders(ReminderService.java:24) ~[classes/:na]
	at com.taskhive.taskhive_backend.service.ReminderService.sendDueDateReminders(ReminderService.java:24) ~[classes/:na]
	at com.taskhive.taskhive_backend.service.ReminderService.sendDueDateReminders(ReminderService.java:24) ~[classes/:na]
	at com.taskhive.taskhive_backend.service.ReminderService.sendDueDateReminders(ReminderService.java:24) ~[classes/:na]
	at com.taskhive.taskhive_backend.service.ReminderService.sendDueDateReminders(ReminderService.java:24) ~[classes/:na]
	at com.taskhive.taskhive_backend.service.ReminderService.sendDueDateReminders(ReminderService.java:24) ~[classes/:na]
	at com.taskhive.taskhive_backend.service.ReminderService.sendDueDateReminders(ReminderService.java:24) ~[classes/:na]
	at com.taskhive.taskhive_backend.service.ReminderService.sendDueDateReminders(ReminderService.java:24) ~[classes/:na]
	at com.taskhive.taskhive_backend.service.ReminderService.sendDueDateReminders(ReminderService.java:24) ~[classes/:na]
	at com.taskhive.taskhive_backend.service.ReminderService.sendDueDateReminders(ReminderService.java:24) ~[classes/:na]
	at com.taskhive.taskhive_backend.service.ReminderService.sendDueDateReminders(ReminderService.java:24) ~[classes/:na]
	at com.taskhive.taskhive_backend.service.ReminderService.sendDueDateReminders(ReminderService.java:24) ~[classes/:na]
	at com.taskhive.taskhive_backend.service.ReminderService.sendDueDateReminders(ReminderService.java:24) ~[classes/:na]
	at com.taskhive.taskhive_backend.service.ReminderService.sendDueDateReminders(ReminderService.java:24) ~[classes/:na]
	at com.taskhive.taskhive_backend.service.ReminderService.sendDueDateReminders(ReminderService.java:24) ~[classes/:na]
	at com.taskhive.taskhive_backend.service.ReminderService.sendDueDateReminders(ReminderService.java:24) ~[classes/:na]
	at com.taskhive.taskhive_backend.service.ReminderService.sendDueDateReminders(ReminderService.java:24) ~[classes/:na]
	at com.taskhive.taskhive_backend.service.ReminderService.sendDueDateReminders(ReminderService.java:24) ~[classes/:na]
	at com.taskhive.taskhive_backend.service.ReminderService.sendDueDateReminders(ReminderService.java:24) ~[classes/:na]
	at com.taskhive.taskhive_backend.service.ReminderService.sendDueDateReminders(ReminderService.java:24) ~[classes/:na]
	at com.taskhive.taskhive_backend.service.ReminderService.sendDueDateReminders(ReminderService.java:24) ~[classes/:na]
	at com.taskhive.taskhive_backend.service.ReminderService.sendDueDateReminders(ReminderService.java:24) ~[classes/:na]
	at com.taskhive.taskhive_backend.service.ReminderService.sendDueDateReminders(ReminderService.java:24) ~[classes/:na]
	at com.taskhive.taskhive_backend.service.ReminderService.sendDueDateReminders(ReminderService.java:24) ~[classes/:na]
	at com.taskhive.taskhive_backend.service.ReminderService.sendDueDateReminders(ReminderService.java:24) ~[classes/:na]
	at com.taskhive.taskhive_backend.service.ReminderService.sendDueDateReminders(ReminderService.java:24) ~[classes/:na]
	at com.taskhive.taskhive_backend.service.ReminderService.sendDueDateReminders(ReminderService.java:24) ~[classes/:na]
	at com.taskhive.taskhive_backend.service.ReminderService.sendDueDateReminders(ReminderService.java:24) ~[classes/:na]
	at com.taskhive.taskhive_backend.service.ReminderService.sendDueDateReminders(ReminderService.java:24) ~[classes/:na]
	at com.taskhive.taskhive_backend.service.ReminderService.sendDueDateReminders(ReminderService.java:24) ~[classes/:na]
	at com.taskhive.taskhive_backend.service.ReminderService.sendDueDateReminders(ReminderService.java:24) ~[classes/:na]
	at com.taskhive.taskhive_backend.service.ReminderService.sendDueDateReminders(ReminderService.java:24) ~[classes/:na]
	at com.taskhive.taskhive_backend.service.ReminderService.sendDueDateReminders(ReminderService.java:24) ~[classes/:na]
	at com.taskhive.taskhive_backend.service.ReminderService.sendDueDateReminders(ReminderService.java:24) ~[classes/:na]
	at com.taskhive.taskhive_backend.service.ReminderService.sendDueDateReminders(ReminderService.java:24) ~[classes/:na]
	at com.taskhive.taskhive_backend.service.ReminderService.sendDueDateReminders(ReminderService.java:24) ~[classes/:na]
	at com.taskhive.taskhive_backend.service.ReminderService.sendDueDateReminders(ReminderService.java:24) ~[classes/:na]
	at com.taskhive.taskhive_backend.service.ReminderService.sendDueDateReminders(ReminderService.java:24) ~[classes/:na]
	at com.taskhive.taskhive_backend.service.ReminderService.sendDueDateReminders(ReminderService.java:24) ~[classes/:na]
	at com.taskhive.taskhive_backend.service.ReminderService.sendDueDateReminders(ReminderService.java:24) ~[classes/:na]
	at com.taskhive.taskhive_backend.service.ReminderService.sendDueDateReminders(ReminderService.java:24) ~[classes/:na]
	at com.taskhive.taskhive_backend.service.ReminderService.sendDueDateReminders(ReminderService.java:24) ~[classes/:na]
	at com.taskhive.taskhive_backend.service.ReminderService.sendDueDateReminders(ReminderService.java:24) ~[classes/:na]
	at com.taskhive.taskhive_backend.service.ReminderService.sendDueDateReminders(ReminderService.java:24) ~[classes/:na]
	at com.taskhive.taskhive_backend.service.ReminderService.sendDueDateReminders(ReminderService.java:24) ~[classes/:na]
	at com.taskhive.taskhive_backend.service.ReminderService.sendDueDateReminders(ReminderService.java:24) ~[classes/:na]
	at com.taskhive.taskhive_backend.service.ReminderService.sendDueDateReminders(ReminderService.java:24) ~[classes/:na]
	at com.taskhive.taskhive_backend.service.ReminderService.sendDueDateReminders(ReminderService.java:24) ~[classes/:na]
	at com.taskhive.taskhive_backend.service.ReminderService.sendDueDateReminders(ReminderService.java:24) ~[classes/:na]

]]></system-out>
    <system-err><![CDATA[Mockito is currently self-attaching to enable the inline-mock-maker. This will no longer work in future releases of the JDK. Please add Mockito as an agent to your build what is described in Mockito's documentation: https://javadoc.io/doc/org.mockito/mockito-core/latest/org/mockito/Mockito.html#0.3
WARNING: A Java agent has been loaded dynamically (/Users/amakessie/.m2/repository/net/bytebuddy/byte-buddy-agent/1.15.11/byte-buddy-agent-1.15.11.jar)
WARNING: If a serviceability tool is in use, please run with -XX:+EnableDynamicAgentLoading to hide this warning
WARNING: If a serviceability tool is not in use, please run with -Djdk.instrument.traceUsage for more information
WARNING: Dynamic loading of agents will be disallowed by default in a future release
]]></system-err>
  </testcase>
</testsuite>